<html>
<head>
<title>TestNG:  Test_Suite_BookingManagement</title>
<link href="../testng.css" rel="stylesheet" type="text/css" />
<link href="../my-testng.css" rel="stylesheet" type="text/css" />

<style type="text/css">
.log { display: none;} 
.stack-trace { display: none;} 
</style>
<script type="text/javascript">
<!--
function flip(e) {
  current = e.style.display;
  if (current == 'block') {
    e.style.display = 'none';
    return 0;
  }
  else {
    e.style.display = 'block';
    return 1;
  }
}

function toggleBox(szDivId, elem, msg1, msg2)
{
  var res = -1;  if (document.getElementById) {
    res = flip(document.getElementById(szDivId));
  }
  else if (document.all) {
    // this is the way old msie versions work
    res = flip(document.all[szDivId]);
  }
  if(elem) {
    if(res == 0) elem.innerHTML = msg1; else elem.innerHTML = msg2;
  }

}

function toggleAllBoxes() {
  if (document.getElementsByTagName) {
    d = document.getElementsByTagName('div');
    for (i = 0; i < d.length; i++) {
      if (d[i].className == 'log') {
        flip(d[i]);
      }
    }
  }
}

// -->
</script>

</head>
<body>
<h2 align='center'>Test_Suite_BookingManagement</h2><table border='1' align="center">
<tr>
<td>Tests passed/Failed/Skipped:</td><td>0/0/20</td>
</tr><tr>
<td>Started on:</td><td>Fri Feb 10 09:27:32 ICT 2023</td>
</tr>
<tr><td>Total time:</td><td>2 seconds (2065 ms)</td>
</tr><tr>
<td>Included groups:</td><td></td>
</tr><tr>
<td>Excluded groups:</td><td></td>
</tr>
</table><p/>
<small><i>(Hover the method name to see the test class name)</i></small><p/>
<table width='100%' border='1' class='invocation-failed'>
<tr><td colspan='4' align='center'><b>FAILED CONFIGURATIONS</b></td></tr>
<tr><td><b>Test method</b></td>
<td width="30%"><b>Exception</b></td>
<td width="10%"><b>Time (seconds)</b></td>
<td><b>Instance</b></td>
</tr>
<tr>
<td title='com.easyserv.testcases.Admin.CreateBookingTest.setup()'><b>setup</b><br>Test class: com.easyserv.testcases.Admin.CreateBookingTest</td>
<td><div><pre>java.lang.IllegalArgumentException: Input must be set
	at org.openqa.selenium.internal.Require.nonNull(Require.java:59)
	at org.openqa.selenium.support.ui.FluentWait.&lt;init&gt;(FluentWait.java:97)
	at org.openqa.selenium.support.ui.WebDriverWait.&lt;init&gt;(WebDriverWait.java:77)
	at org.openqa.selenium.support.ui.WebDriverWait.&lt;init&gt;(WebDriverWait.java:46)
	at com.easyserv.common.ValidateHelper.&lt;init&gt;(ValidateHelper.java:20)
	at com.easyserv.pages.BookingManagement.CreateBookingPage.&lt;init&gt;(CreateBookingPage.java:46)
	at com.easyserv.testcases.Admin.CreateBookingTest.setup(CreateBookingTest.java:23)
	at com.intellij.rt.testng.IDEARemoteTestNG.run(IDEARemoteTestNG.java:66)
	at com.intellij.rt.testng.RemoteTestNGStarter.main(RemoteTestNGStarter.java:109)
... Removed 21 stack frames</pre></div><a href='#' onClick='toggleBox("stack-trace870019773", this, "Click to show all stack frames", "Click to hide stack frames")'>Click to show all stack frames</a>
<div class='stack-trace' id='stack-trace870019773'><pre>java.lang.IllegalArgumentException: Input must be set
	at org.openqa.selenium.internal.Require.nonNull(Require.java:59)
	at org.openqa.selenium.support.ui.FluentWait.&lt;init&gt;(FluentWait.java:97)
	at org.openqa.selenium.support.ui.WebDriverWait.&lt;init&gt;(WebDriverWait.java:77)
	at org.openqa.selenium.support.ui.WebDriverWait.&lt;init&gt;(WebDriverWait.java:46)
	at com.easyserv.common.ValidateHelper.&lt;init&gt;(ValidateHelper.java:20)
	at com.easyserv.pages.BookingManagement.CreateBookingPage.&lt;init&gt;(CreateBookingPage.java:46)
	at com.easyserv.testcases.Admin.CreateBookingTest.setup(CreateBookingTest.java:23)
	at java.base/jdk.internal.reflect.NativeMethodAccessorImpl.invoke0(Native Method)
	at java.base/jdk.internal.reflect.NativeMethodAccessorImpl.invoke(NativeMethodAccessorImpl.java:77)
	at java.base/jdk.internal.reflect.DelegatingMethodAccessorImpl.invoke(DelegatingMethodAccessorImpl.java:43)
	at java.base/java.lang.reflect.Method.invoke(Method.java:568)
	at org.testng.internal.MethodInvocationHelper.invokeMethod(MethodInvocationHelper.java:133)
	at org.testng.internal.MethodInvocationHelper.invokeMethodConsideringTimeout(MethodInvocationHelper.java:62)
	at org.testng.internal.ConfigInvoker.invokeConfigurationMethod(ConfigInvoker.java:385)
	at org.testng.internal.ConfigInvoker.invokeConfigurations(ConfigInvoker.java:321)
	at org.testng.TestRunner.invokeTestConfigurations(TestRunner.java:637)
	at org.testng.TestRunner.beforeRun(TestRunner.java:627)
	at org.testng.TestRunner.run(TestRunner.java:589)
	at org.testng.SuiteRunner.runTest(SuiteRunner.java:377)
	at org.testng.SuiteRunner.runSequentially(SuiteRunner.java:371)
	at org.testng.SuiteRunner.privateRun(SuiteRunner.java:332)
	at org.testng.SuiteRunner.run(SuiteRunner.java:276)
	at org.testng.SuiteRunnerWorker.runSuite(SuiteRunnerWorker.java:53)
	at org.testng.SuiteRunnerWorker.run(SuiteRunnerWorker.java:96)
	at org.testng.TestNG.runSuitesSequentially(TestNG.java:1212)
	at org.testng.TestNG.runSuitesLocally(TestNG.java:1134)
	at org.testng.TestNG.runSuites(TestNG.java:1063)
	at org.testng.TestNG.run(TestNG.java:1031)
	at com.intellij.rt.testng.IDEARemoteTestNG.run(IDEARemoteTestNG.java:66)
	at com.intellij.rt.testng.RemoteTestNGStarter.main(RemoteTestNGStarter.java:109)
</pre></div></td>
<td>0</td>
<td>com.easyserv.testcases.Admin.CreateBookingTest@2928854b</td></tr>
</table><p>
<table width='100%' border='1' class='invocation-skipped'>
<tr><td colspan='4' align='center'><b>SKIPPED CONFIGURATIONS</b></td></tr>
<tr><td><b>Test method</b></td>
<td width="30%"><b>Exception</b></td>
<td width="10%"><b>Time (seconds)</b></td>
<td><b>Instance</b></td>
</tr>
<tr>
<td title='com.easyserv.testcases.Admin.BookingListTest.takeScreenshot()'><b>takeScreenshot</b><br>Test class: com.easyserv.testcases.Admin.BookingListTest</td>
<td></td>
<td>-1675996055</td>
<td>com.easyserv.testcases.Admin.BookingListTest@14d3bc22</td></tr>
<tr>
<td title='com.easyserv.testcases.Admin.BookingListTest.takeScreenshot()'><b>takeScreenshot</b><br>Test class: com.easyserv.testcases.Admin.BookingListTest</td>
<td></td>
<td>-1675996055</td>
<td>com.easyserv.testcases.Admin.BookingListTest@14d3bc22</td></tr>
<tr>
<td title='com.easyserv.testcases.Admin.CreateBookingTest.takeScreenshot()'><b>takeScreenshot</b><br>Test class: com.easyserv.testcases.Admin.CreateBookingTest</td>
<td></td>
<td>-1675996055</td>
<td>com.easyserv.testcases.Admin.CreateBookingTest@2928854b</td></tr>
<tr>
<td title='com.easyserv.testcases.Admin.CreateBookingTest.takeScreenshot()'><b>takeScreenshot</b><br>Test class: com.easyserv.testcases.Admin.CreateBookingTest</td>
<td></td>
<td>-1675996055</td>
<td>com.easyserv.testcases.Admin.CreateBookingTest@2928854b</td></tr>
<tr>
<td title='com.easyserv.testcases.Admin.BookingListTest.takeScreenshot()'><b>takeScreenshot</b><br>Test class: com.easyserv.testcases.Admin.BookingListTest</td>
<td></td>
<td>-1675996055</td>
<td>com.easyserv.testcases.Admin.BookingListTest@14d3bc22</td></tr>
<tr>
<td title='com.easyserv.testcases.Admin.CreateBookingTest.takeScreenshot()'><b>takeScreenshot</b><br>Test class: com.easyserv.testcases.Admin.CreateBookingTest</td>
<td></td>
<td>-1675996055</td>
<td>com.easyserv.testcases.Admin.CreateBookingTest@2928854b</td></tr>
<tr>
<td title='com.easyserv.testcases.Admin.CreateBookingTest.takeScreenshot()'><b>takeScreenshot</b><br>Test class: com.easyserv.testcases.Admin.CreateBookingTest</td>
<td></td>
<td>-1675996055</td>
<td>com.easyserv.testcases.Admin.CreateBookingTest@2928854b</td></tr>
<tr>
<td title='com.easyserv.testcases.Admin.BookingListTest.tearDown()'><b>tearDown</b><br>Test class: com.easyserv.testcases.Admin.BookingListTest</td>
<td></td>
<td>-1675996055</td>
<td>com.easyserv.testcases.Admin.BookingListTest@14d3bc22</td></tr>
<tr>
<td title='com.easyserv.testcases.Admin.BookingListTest.takeScreenshot()'><b>takeScreenshot</b><br>Test class: com.easyserv.testcases.Admin.BookingListTest</td>
<td></td>
<td>-1675996055</td>
<td>com.easyserv.testcases.Admin.BookingListTest@14d3bc22</td></tr>
<tr>
<td title='com.easyserv.testcases.Admin.BookingListTest.takeScreenshot()'><b>takeScreenshot</b><br>Test class: com.easyserv.testcases.Admin.BookingListTest</td>
<td></td>
<td>-1675996055</td>
<td>com.easyserv.testcases.Admin.BookingListTest@14d3bc22</td></tr>
<tr>
<td title='com.easyserv.testcases.Admin.BookingListTest.takeScreenshot()'><b>takeScreenshot</b><br>Test class: com.easyserv.testcases.Admin.BookingListTest</td>
<td></td>
<td>-1675996055</td>
<td>com.easyserv.testcases.Admin.BookingListTest@14d3bc22</td></tr>
<tr>
<td title='com.easyserv.testcases.Admin.BookingListTest.takeScreenshot()'><b>takeScreenshot</b><br>Test class: com.easyserv.testcases.Admin.BookingListTest</td>
<td></td>
<td>-1675996055</td>
<td>com.easyserv.testcases.Admin.BookingListTest@14d3bc22</td></tr>
<tr>
<td title='com.easyserv.testcases.Admin.BookingListTest.takeScreenshot()'><b>takeScreenshot</b><br>Test class: com.easyserv.testcases.Admin.BookingListTest</td>
<td></td>
<td>-1675996055</td>
<td>com.easyserv.testcases.Admin.BookingListTest@14d3bc22</td></tr>
<tr>
<td title='com.easyserv.testcases.Admin.BookingListTest.takeScreenshot()'><b>takeScreenshot</b><br>Test class: com.easyserv.testcases.Admin.BookingListTest</td>
<td></td>
<td>-1675996055</td>
<td>com.easyserv.testcases.Admin.BookingListTest@14d3bc22</td></tr>
<tr>
<td title='com.easyserv.testcases.Admin.CreateBookingTest.takeScreenshot()'><b>takeScreenshot</b><br>Test class: com.easyserv.testcases.Admin.CreateBookingTest</td>
<td></td>
<td>-1675996055</td>
<td>com.easyserv.testcases.Admin.CreateBookingTest@2928854b</td></tr>
<tr>
<td title='com.easyserv.testcases.Admin.BookingListTest.takeScreenshot()'><b>takeScreenshot</b><br>Test class: com.easyserv.testcases.Admin.BookingListTest</td>
<td></td>
<td>-1675996055</td>
<td>com.easyserv.testcases.Admin.BookingListTest@14d3bc22</td></tr>
<tr>
<td title='com.easyserv.testcases.Admin.BookingListTest.setUp()'><b>setUp</b><br>Test class: com.easyserv.testcases.Admin.BookingListTest</td>
<td></td>
<td>-1675996054</td>
<td>com.easyserv.testcases.Admin.BookingListTest@14d3bc22</td></tr>
<tr>
<td title='com.easyserv.testcases.Admin.BookingListTest.takeScreenshot()'><b>takeScreenshot</b><br>Test class: com.easyserv.testcases.Admin.BookingListTest</td>
<td></td>
<td>-1675996055</td>
<td>com.easyserv.testcases.Admin.BookingListTest@14d3bc22</td></tr>
<tr>
<td title='com.easyserv.testcases.Admin.CreateBookingTest.takeScreenshot()'><b>takeScreenshot</b><br>Test class: com.easyserv.testcases.Admin.CreateBookingTest</td>
<td></td>
<td>-1675996055</td>
<td>com.easyserv.testcases.Admin.CreateBookingTest@2928854b</td></tr>
<tr>
<td title='com.easyserv.testcases.Admin.CreateBookingTest.takeScreenshot()'><b>takeScreenshot</b><br>Test class: com.easyserv.testcases.Admin.CreateBookingTest</td>
<td></td>
<td>-1675996055</td>
<td>com.easyserv.testcases.Admin.CreateBookingTest@2928854b</td></tr>
<tr>
<td title='com.easyserv.testcases.Admin.BookingListTest.takeScreenshot()'><b>takeScreenshot</b><br>Test class: com.easyserv.testcases.Admin.BookingListTest</td>
<td></td>
<td>-1675996055</td>
<td>com.easyserv.testcases.Admin.BookingListTest@14d3bc22</td></tr>
<tr>
<td title='com.easyserv.testcases.Admin.BookingListTest.takeScreenshot()'><b>takeScreenshot</b><br>Test class: com.easyserv.testcases.Admin.BookingListTest</td>
<td></td>
<td>-1675996055</td>
<td>com.easyserv.testcases.Admin.BookingListTest@14d3bc22</td></tr>
</table><p>
<table width='100%' border='1' class='invocation-skipped'>
<tr><td colspan='4' align='center'><b>SKIPPED TESTS</b></td></tr>
<tr><td><b>Test method</b></td>
<td width="30%"><b>Exception</b></td>
<td width="10%"><b>Time (seconds)</b></td>
<td><b>Instance</b></td>
</tr>
<tr>
<td title='com.easyserv.testcases.Admin.BookingListTest.BookingListTest_TC002()'><b>BookingListTest_TC002</b><br>Test class: com.easyserv.testcases.Admin.BookingListTest</td>
<td><div><pre>java.lang.IllegalArgumentException: Input must be set
	at org.openqa.selenium.internal.Require.nonNull(Require.java:59)
	at org.openqa.selenium.support.ui.FluentWait.&lt;init&gt;(FluentWait.java:97)
	at org.openqa.selenium.support.ui.WebDriverWait.&lt;init&gt;(WebDriverWait.java:77)
	at org.openqa.selenium.support.ui.WebDriverWait.&lt;init&gt;(WebDriverWait.java:46)
	at com.easyserv.common.ValidateHelper.&lt;init&gt;(ValidateHelper.java:20)
	at com.easyserv.pages.BookingManagement.CreateBookingPage.&lt;init&gt;(CreateBookingPage.java:46)
	at com.easyserv.testcases.Admin.CreateBookingTest.setup(CreateBookingTest.java:23)
	at com.intellij.rt.testng.IDEARemoteTestNG.run(IDEARemoteTestNG.java:66)
	at com.intellij.rt.testng.RemoteTestNGStarter.main(RemoteTestNGStarter.java:109)
... Removed 21 stack frames</pre></div><a href='#' onClick='toggleBox("stack-trace724525007", this, "Click to show all stack frames", "Click to hide stack frames")'>Click to show all stack frames</a>
<div class='stack-trace' id='stack-trace724525007'><pre>java.lang.IllegalArgumentException: Input must be set
	at org.openqa.selenium.internal.Require.nonNull(Require.java:59)
	at org.openqa.selenium.support.ui.FluentWait.&lt;init&gt;(FluentWait.java:97)
	at org.openqa.selenium.support.ui.WebDriverWait.&lt;init&gt;(WebDriverWait.java:77)
	at org.openqa.selenium.support.ui.WebDriverWait.&lt;init&gt;(WebDriverWait.java:46)
	at com.easyserv.common.ValidateHelper.&lt;init&gt;(ValidateHelper.java:20)
	at com.easyserv.pages.BookingManagement.CreateBookingPage.&lt;init&gt;(CreateBookingPage.java:46)
	at com.easyserv.testcases.Admin.CreateBookingTest.setup(CreateBookingTest.java:23)
	at java.base/jdk.internal.reflect.NativeMethodAccessorImpl.invoke0(Native Method)
	at java.base/jdk.internal.reflect.NativeMethodAccessorImpl.invoke(NativeMethodAccessorImpl.java:77)
	at java.base/jdk.internal.reflect.DelegatingMethodAccessorImpl.invoke(DelegatingMethodAccessorImpl.java:43)
	at java.base/java.lang.reflect.Method.invoke(Method.java:568)
	at org.testng.internal.MethodInvocationHelper.invokeMethod(MethodInvocationHelper.java:133)
	at org.testng.internal.MethodInvocationHelper.invokeMethodConsideringTimeout(MethodInvocationHelper.java:62)
	at org.testng.internal.ConfigInvoker.invokeConfigurationMethod(ConfigInvoker.java:385)
	at org.testng.internal.ConfigInvoker.invokeConfigurations(ConfigInvoker.java:321)
	at org.testng.TestRunner.invokeTestConfigurations(TestRunner.java:637)
	at org.testng.TestRunner.beforeRun(TestRunner.java:627)
	at org.testng.TestRunner.run(TestRunner.java:589)
	at org.testng.SuiteRunner.runTest(SuiteRunner.java:377)
	at org.testng.SuiteRunner.runSequentially(SuiteRunner.java:371)
	at org.testng.SuiteRunner.privateRun(SuiteRunner.java:332)
	at org.testng.SuiteRunner.run(SuiteRunner.java:276)
	at org.testng.SuiteRunnerWorker.runSuite(SuiteRunnerWorker.java:53)
	at org.testng.SuiteRunnerWorker.run(SuiteRunnerWorker.java:96)
	at org.testng.TestNG.runSuitesSequentially(TestNG.java:1212)
	at org.testng.TestNG.runSuitesLocally(TestNG.java:1134)
	at org.testng.TestNG.runSuites(TestNG.java:1063)
	at org.testng.TestNG.run(TestNG.java:1031)
	at com.intellij.rt.testng.IDEARemoteTestNG.run(IDEARemoteTestNG.java:66)
	at com.intellij.rt.testng.RemoteTestNGStarter.main(RemoteTestNGStarter.java:109)
</pre></div></td>
<td>0</td>
<td>com.easyserv.testcases.Admin.BookingListTest@14d3bc22</td></tr>
<tr>
<td title='com.easyserv.testcases.Admin.BookingListTest.BookingListTest_TC010_2()'><b>BookingListTest_TC010_2</b><br>Test class: com.easyserv.testcases.Admin.BookingListTest</td>
<td><div><pre>java.lang.IllegalArgumentException: Input must be set
	at org.openqa.selenium.internal.Require.nonNull(Require.java:59)
	at org.openqa.selenium.support.ui.FluentWait.&lt;init&gt;(FluentWait.java:97)
	at org.openqa.selenium.support.ui.WebDriverWait.&lt;init&gt;(WebDriverWait.java:77)
	at org.openqa.selenium.support.ui.WebDriverWait.&lt;init&gt;(WebDriverWait.java:46)
	at com.easyserv.common.ValidateHelper.&lt;init&gt;(ValidateHelper.java:20)
	at com.easyserv.pages.BookingManagement.CreateBookingPage.&lt;init&gt;(CreateBookingPage.java:46)
	at com.easyserv.testcases.Admin.CreateBookingTest.setup(CreateBookingTest.java:23)
	at com.intellij.rt.testng.IDEARemoteTestNG.run(IDEARemoteTestNG.java:66)
	at com.intellij.rt.testng.RemoteTestNGStarter.main(RemoteTestNGStarter.java:109)
... Removed 21 stack frames</pre></div><a href='#' onClick='toggleBox("stack-trace231182885", this, "Click to show all stack frames", "Click to hide stack frames")'>Click to show all stack frames</a>
<div class='stack-trace' id='stack-trace231182885'><pre>java.lang.IllegalArgumentException: Input must be set
	at org.openqa.selenium.internal.Require.nonNull(Require.java:59)
	at org.openqa.selenium.support.ui.FluentWait.&lt;init&gt;(FluentWait.java:97)
	at org.openqa.selenium.support.ui.WebDriverWait.&lt;init&gt;(WebDriverWait.java:77)
	at org.openqa.selenium.support.ui.WebDriverWait.&lt;init&gt;(WebDriverWait.java:46)
	at com.easyserv.common.ValidateHelper.&lt;init&gt;(ValidateHelper.java:20)
	at com.easyserv.pages.BookingManagement.CreateBookingPage.&lt;init&gt;(CreateBookingPage.java:46)
	at com.easyserv.testcases.Admin.CreateBookingTest.setup(CreateBookingTest.java:23)
	at java.base/jdk.internal.reflect.NativeMethodAccessorImpl.invoke0(Native Method)
	at java.base/jdk.internal.reflect.NativeMethodAccessorImpl.invoke(NativeMethodAccessorImpl.java:77)
	at java.base/jdk.internal.reflect.DelegatingMethodAccessorImpl.invoke(DelegatingMethodAccessorImpl.java:43)
	at java.base/java.lang.reflect.Method.invoke(Method.java:568)
	at org.testng.internal.MethodInvocationHelper.invokeMethod(MethodInvocationHelper.java:133)
	at org.testng.internal.MethodInvocationHelper.invokeMethodConsideringTimeout(MethodInvocationHelper.java:62)
	at org.testng.internal.ConfigInvoker.invokeConfigurationMethod(ConfigInvoker.java:385)
	at org.testng.internal.ConfigInvoker.invokeConfigurations(ConfigInvoker.java:321)
	at org.testng.TestRunner.invokeTestConfigurations(TestRunner.java:637)
	at org.testng.TestRunner.beforeRun(TestRunner.java:627)
	at org.testng.TestRunner.run(TestRunner.java:589)
	at org.testng.SuiteRunner.runTest(SuiteRunner.java:377)
	at org.testng.SuiteRunner.runSequentially(SuiteRunner.java:371)
	at org.testng.SuiteRunner.privateRun(SuiteRunner.java:332)
	at org.testng.SuiteRunner.run(SuiteRunner.java:276)
	at org.testng.SuiteRunnerWorker.runSuite(SuiteRunnerWorker.java:53)
	at org.testng.SuiteRunnerWorker.run(SuiteRunnerWorker.java:96)
	at org.testng.TestNG.runSuitesSequentially(TestNG.java:1212)
	at org.testng.TestNG.runSuitesLocally(TestNG.java:1134)
	at org.testng.TestNG.runSuites(TestNG.java:1063)
	at org.testng.TestNG.run(TestNG.java:1031)
	at com.intellij.rt.testng.IDEARemoteTestNG.run(IDEARemoteTestNG.java:66)
	at com.intellij.rt.testng.RemoteTestNGStarter.main(RemoteTestNGStarter.java:109)
</pre></div></td>
<td>0</td>
<td>com.easyserv.testcases.Admin.BookingListTest@14d3bc22</td></tr>
<tr>
<td title='com.easyserv.testcases.Admin.CreateBookingTest.CreateBookingTest_TC001()'><b>CreateBookingTest_TC001</b><br>Test class: com.easyserv.testcases.Admin.CreateBookingTest<br>Test method: Verify the system will jump to “New Booking“ page when user click on "New Booking" button</td>
<td><div><pre>java.lang.IllegalArgumentException: Input must be set
	at org.openqa.selenium.internal.Require.nonNull(Require.java:59)
	at org.openqa.selenium.support.ui.FluentWait.&lt;init&gt;(FluentWait.java:97)
	at org.openqa.selenium.support.ui.WebDriverWait.&lt;init&gt;(WebDriverWait.java:77)
	at org.openqa.selenium.support.ui.WebDriverWait.&lt;init&gt;(WebDriverWait.java:46)
	at com.easyserv.common.ValidateHelper.&lt;init&gt;(ValidateHelper.java:20)
	at com.easyserv.pages.BookingManagement.CreateBookingPage.&lt;init&gt;(CreateBookingPage.java:46)
	at com.easyserv.testcases.Admin.CreateBookingTest.setup(CreateBookingTest.java:23)
	at com.intellij.rt.testng.IDEARemoteTestNG.run(IDEARemoteTestNG.java:66)
	at com.intellij.rt.testng.RemoteTestNGStarter.main(RemoteTestNGStarter.java:109)
... Removed 21 stack frames</pre></div><a href='#' onClick='toggleBox("stack-trace1624203949", this, "Click to show all stack frames", "Click to hide stack frames")'>Click to show all stack frames</a>
<div class='stack-trace' id='stack-trace1624203949'><pre>java.lang.IllegalArgumentException: Input must be set
	at org.openqa.selenium.internal.Require.nonNull(Require.java:59)
	at org.openqa.selenium.support.ui.FluentWait.&lt;init&gt;(FluentWait.java:97)
	at org.openqa.selenium.support.ui.WebDriverWait.&lt;init&gt;(WebDriverWait.java:77)
	at org.openqa.selenium.support.ui.WebDriverWait.&lt;init&gt;(WebDriverWait.java:46)
	at com.easyserv.common.ValidateHelper.&lt;init&gt;(ValidateHelper.java:20)
	at com.easyserv.pages.BookingManagement.CreateBookingPage.&lt;init&gt;(CreateBookingPage.java:46)
	at com.easyserv.testcases.Admin.CreateBookingTest.setup(CreateBookingTest.java:23)
	at java.base/jdk.internal.reflect.NativeMethodAccessorImpl.invoke0(Native Method)
	at java.base/jdk.internal.reflect.NativeMethodAccessorImpl.invoke(NativeMethodAccessorImpl.java:77)
	at java.base/jdk.internal.reflect.DelegatingMethodAccessorImpl.invoke(DelegatingMethodAccessorImpl.java:43)
	at java.base/java.lang.reflect.Method.invoke(Method.java:568)
	at org.testng.internal.MethodInvocationHelper.invokeMethod(MethodInvocationHelper.java:133)
	at org.testng.internal.MethodInvocationHelper.invokeMethodConsideringTimeout(MethodInvocationHelper.java:62)
	at org.testng.internal.ConfigInvoker.invokeConfigurationMethod(ConfigInvoker.java:385)
	at org.testng.internal.ConfigInvoker.invokeConfigurations(ConfigInvoker.java:321)
	at org.testng.TestRunner.invokeTestConfigurations(TestRunner.java:637)
	at org.testng.TestRunner.beforeRun(TestRunner.java:627)
	at org.testng.TestRunner.run(TestRunner.java:589)
	at org.testng.SuiteRunner.runTest(SuiteRunner.java:377)
	at org.testng.SuiteRunner.runSequentially(SuiteRunner.java:371)
	at org.testng.SuiteRunner.privateRun(SuiteRunner.java:332)
	at org.testng.SuiteRunner.run(SuiteRunner.java:276)
	at org.testng.SuiteRunnerWorker.runSuite(SuiteRunnerWorker.java:53)
	at org.testng.SuiteRunnerWorker.run(SuiteRunnerWorker.java:96)
	at org.testng.TestNG.runSuitesSequentially(TestNG.java:1212)
	at org.testng.TestNG.runSuitesLocally(TestNG.java:1134)
	at org.testng.TestNG.runSuites(TestNG.java:1063)
	at org.testng.TestNG.run(TestNG.java:1031)
	at com.intellij.rt.testng.IDEARemoteTestNG.run(IDEARemoteTestNG.java:66)
	at com.intellij.rt.testng.RemoteTestNGStarter.main(RemoteTestNGStarter.java:109)
</pre></div></td>
<td>0</td>
<td>com.easyserv.testcases.Admin.CreateBookingTest@2928854b</td></tr>
<tr>
<td title='com.easyserv.testcases.Admin.CreateBookingTest.AddNewCustomerTest_TC007()'><b>AddNewCustomerTest_TC007</b><br>Test class: com.easyserv.testcases.Admin.CreateBookingTest<br>Test method: Verify validation message for "Add New Customer" screen in case the all field is blank</td>
<td><div><pre>java.lang.IllegalArgumentException: Input must be set
	at org.openqa.selenium.internal.Require.nonNull(Require.java:59)
	at org.openqa.selenium.support.ui.FluentWait.&lt;init&gt;(FluentWait.java:97)
	at org.openqa.selenium.support.ui.WebDriverWait.&lt;init&gt;(WebDriverWait.java:77)
	at org.openqa.selenium.support.ui.WebDriverWait.&lt;init&gt;(WebDriverWait.java:46)
	at com.easyserv.common.ValidateHelper.&lt;init&gt;(ValidateHelper.java:20)
	at com.easyserv.pages.BookingManagement.CreateBookingPage.&lt;init&gt;(CreateBookingPage.java:46)
	at com.easyserv.testcases.Admin.CreateBookingTest.setup(CreateBookingTest.java:23)
	at com.intellij.rt.testng.IDEARemoteTestNG.run(IDEARemoteTestNG.java:66)
	at com.intellij.rt.testng.RemoteTestNGStarter.main(RemoteTestNGStarter.java:109)
... Removed 21 stack frames</pre></div><a href='#' onClick='toggleBox("stack-trace688722159", this, "Click to show all stack frames", "Click to hide stack frames")'>Click to show all stack frames</a>
<div class='stack-trace' id='stack-trace688722159'><pre>java.lang.IllegalArgumentException: Input must be set
	at org.openqa.selenium.internal.Require.nonNull(Require.java:59)
	at org.openqa.selenium.support.ui.FluentWait.&lt;init&gt;(FluentWait.java:97)
	at org.openqa.selenium.support.ui.WebDriverWait.&lt;init&gt;(WebDriverWait.java:77)
	at org.openqa.selenium.support.ui.WebDriverWait.&lt;init&gt;(WebDriverWait.java:46)
	at com.easyserv.common.ValidateHelper.&lt;init&gt;(ValidateHelper.java:20)
	at com.easyserv.pages.BookingManagement.CreateBookingPage.&lt;init&gt;(CreateBookingPage.java:46)
	at com.easyserv.testcases.Admin.CreateBookingTest.setup(CreateBookingTest.java:23)
	at java.base/jdk.internal.reflect.NativeMethodAccessorImpl.invoke0(Native Method)
	at java.base/jdk.internal.reflect.NativeMethodAccessorImpl.invoke(NativeMethodAccessorImpl.java:77)
	at java.base/jdk.internal.reflect.DelegatingMethodAccessorImpl.invoke(DelegatingMethodAccessorImpl.java:43)
	at java.base/java.lang.reflect.Method.invoke(Method.java:568)
	at org.testng.internal.MethodInvocationHelper.invokeMethod(MethodInvocationHelper.java:133)
	at org.testng.internal.MethodInvocationHelper.invokeMethodConsideringTimeout(MethodInvocationHelper.java:62)
	at org.testng.internal.ConfigInvoker.invokeConfigurationMethod(ConfigInvoker.java:385)
	at org.testng.internal.ConfigInvoker.invokeConfigurations(ConfigInvoker.java:321)
	at org.testng.TestRunner.invokeTestConfigurations(TestRunner.java:637)
	at org.testng.TestRunner.beforeRun(TestRunner.java:627)
	at org.testng.TestRunner.run(TestRunner.java:589)
	at org.testng.SuiteRunner.runTest(SuiteRunner.java:377)
	at org.testng.SuiteRunner.runSequentially(SuiteRunner.java:371)
	at org.testng.SuiteRunner.privateRun(SuiteRunner.java:332)
	at org.testng.SuiteRunner.run(SuiteRunner.java:276)
	at org.testng.SuiteRunnerWorker.runSuite(SuiteRunnerWorker.java:53)
	at org.testng.SuiteRunnerWorker.run(SuiteRunnerWorker.java:96)
	at org.testng.TestNG.runSuitesSequentially(TestNG.java:1212)
	at org.testng.TestNG.runSuitesLocally(TestNG.java:1134)
	at org.testng.TestNG.runSuites(TestNG.java:1063)
	at org.testng.TestNG.run(TestNG.java:1031)
	at com.intellij.rt.testng.IDEARemoteTestNG.run(IDEARemoteTestNG.java:66)
	at com.intellij.rt.testng.RemoteTestNGStarter.main(RemoteTestNGStarter.java:109)
</pre></div></td>
<td>0</td>
<td>com.easyserv.testcases.Admin.CreateBookingTest@2928854b</td></tr>
<tr>
<td title='com.easyserv.testcases.Admin.BookingListTest.BookingListTest_TC007_3()'><b>BookingListTest_TC007_3</b><br>Test class: com.easyserv.testcases.Admin.BookingListTest</td>
<td><div><pre>java.lang.IllegalArgumentException: Input must be set
	at org.openqa.selenium.internal.Require.nonNull(Require.java:59)
	at org.openqa.selenium.support.ui.FluentWait.&lt;init&gt;(FluentWait.java:97)
	at org.openqa.selenium.support.ui.WebDriverWait.&lt;init&gt;(WebDriverWait.java:77)
	at org.openqa.selenium.support.ui.WebDriverWait.&lt;init&gt;(WebDriverWait.java:46)
	at com.easyserv.common.ValidateHelper.&lt;init&gt;(ValidateHelper.java:20)
	at com.easyserv.pages.BookingManagement.CreateBookingPage.&lt;init&gt;(CreateBookingPage.java:46)
	at com.easyserv.testcases.Admin.CreateBookingTest.setup(CreateBookingTest.java:23)
	at com.intellij.rt.testng.IDEARemoteTestNG.run(IDEARemoteTestNG.java:66)
	at com.intellij.rt.testng.RemoteTestNGStarter.main(RemoteTestNGStarter.java:109)
... Removed 21 stack frames</pre></div><a href='#' onClick='toggleBox("stack-trace1811975204", this, "Click to show all stack frames", "Click to hide stack frames")'>Click to show all stack frames</a>
<div class='stack-trace' id='stack-trace1811975204'><pre>java.lang.IllegalArgumentException: Input must be set
	at org.openqa.selenium.internal.Require.nonNull(Require.java:59)
	at org.openqa.selenium.support.ui.FluentWait.&lt;init&gt;(FluentWait.java:97)
	at org.openqa.selenium.support.ui.WebDriverWait.&lt;init&gt;(WebDriverWait.java:77)
	at org.openqa.selenium.support.ui.WebDriverWait.&lt;init&gt;(WebDriverWait.java:46)
	at com.easyserv.common.ValidateHelper.&lt;init&gt;(ValidateHelper.java:20)
	at com.easyserv.pages.BookingManagement.CreateBookingPage.&lt;init&gt;(CreateBookingPage.java:46)
	at com.easyserv.testcases.Admin.CreateBookingTest.setup(CreateBookingTest.java:23)
	at java.base/jdk.internal.reflect.NativeMethodAccessorImpl.invoke0(Native Method)
	at java.base/jdk.internal.reflect.NativeMethodAccessorImpl.invoke(NativeMethodAccessorImpl.java:77)
	at java.base/jdk.internal.reflect.DelegatingMethodAccessorImpl.invoke(DelegatingMethodAccessorImpl.java:43)
	at java.base/java.lang.reflect.Method.invoke(Method.java:568)
	at org.testng.internal.MethodInvocationHelper.invokeMethod(MethodInvocationHelper.java:133)
	at org.testng.internal.MethodInvocationHelper.invokeMethodConsideringTimeout(MethodInvocationHelper.java:62)
	at org.testng.internal.ConfigInvoker.invokeConfigurationMethod(ConfigInvoker.java:385)
	at org.testng.internal.ConfigInvoker.invokeConfigurations(ConfigInvoker.java:321)
	at org.testng.TestRunner.invokeTestConfigurations(TestRunner.java:637)
	at org.testng.TestRunner.beforeRun(TestRunner.java:627)
	at org.testng.TestRunner.run(TestRunner.java:589)
	at org.testng.SuiteRunner.runTest(SuiteRunner.java:377)
	at org.testng.SuiteRunner.runSequentially(SuiteRunner.java:371)
	at org.testng.SuiteRunner.privateRun(SuiteRunner.java:332)
	at org.testng.SuiteRunner.run(SuiteRunner.java:276)
	at org.testng.SuiteRunnerWorker.runSuite(SuiteRunnerWorker.java:53)
	at org.testng.SuiteRunnerWorker.run(SuiteRunnerWorker.java:96)
	at org.testng.TestNG.runSuitesSequentially(TestNG.java:1212)
	at org.testng.TestNG.runSuitesLocally(TestNG.java:1134)
	at org.testng.TestNG.runSuites(TestNG.java:1063)
	at org.testng.TestNG.run(TestNG.java:1031)
	at com.intellij.rt.testng.IDEARemoteTestNG.run(IDEARemoteTestNG.java:66)
	at com.intellij.rt.testng.RemoteTestNGStarter.main(RemoteTestNGStarter.java:109)
</pre></div></td>
<td>0</td>
<td>com.easyserv.testcases.Admin.BookingListTest@14d3bc22</td></tr>
<tr>
<td title='com.easyserv.testcases.Admin.BookingListTest.BookingListTest_TC007_2()'><b>BookingListTest_TC007_2</b><br>Test class: com.easyserv.testcases.Admin.BookingListTest</td>
<td><div><pre>java.lang.IllegalArgumentException: Input must be set
	at org.openqa.selenium.internal.Require.nonNull(Require.java:59)
	at org.openqa.selenium.support.ui.FluentWait.&lt;init&gt;(FluentWait.java:97)
	at org.openqa.selenium.support.ui.WebDriverWait.&lt;init&gt;(WebDriverWait.java:77)
	at org.openqa.selenium.support.ui.WebDriverWait.&lt;init&gt;(WebDriverWait.java:46)
	at com.easyserv.common.ValidateHelper.&lt;init&gt;(ValidateHelper.java:20)
	at com.easyserv.pages.BookingManagement.CreateBookingPage.&lt;init&gt;(CreateBookingPage.java:46)
	at com.easyserv.testcases.Admin.CreateBookingTest.setup(CreateBookingTest.java:23)
	at com.intellij.rt.testng.IDEARemoteTestNG.run(IDEARemoteTestNG.java:66)
	at com.intellij.rt.testng.RemoteTestNGStarter.main(RemoteTestNGStarter.java:109)
... Removed 21 stack frames</pre></div><a href='#' onClick='toggleBox("stack-trace1080561710", this, "Click to show all stack frames", "Click to hide stack frames")'>Click to show all stack frames</a>
<div class='stack-trace' id='stack-trace1080561710'><pre>java.lang.IllegalArgumentException: Input must be set
	at org.openqa.selenium.internal.Require.nonNull(Require.java:59)
	at org.openqa.selenium.support.ui.FluentWait.&lt;init&gt;(FluentWait.java:97)
	at org.openqa.selenium.support.ui.WebDriverWait.&lt;init&gt;(WebDriverWait.java:77)
	at org.openqa.selenium.support.ui.WebDriverWait.&lt;init&gt;(WebDriverWait.java:46)
	at com.easyserv.common.ValidateHelper.&lt;init&gt;(ValidateHelper.java:20)
	at com.easyserv.pages.BookingManagement.CreateBookingPage.&lt;init&gt;(CreateBookingPage.java:46)
	at com.easyserv.testcases.Admin.CreateBookingTest.setup(CreateBookingTest.java:23)
	at java.base/jdk.internal.reflect.NativeMethodAccessorImpl.invoke0(Native Method)
	at java.base/jdk.internal.reflect.NativeMethodAccessorImpl.invoke(NativeMethodAccessorImpl.java:77)
	at java.base/jdk.internal.reflect.DelegatingMethodAccessorImpl.invoke(DelegatingMethodAccessorImpl.java:43)
	at java.base/java.lang.reflect.Method.invoke(Method.java:568)
	at org.testng.internal.MethodInvocationHelper.invokeMethod(MethodInvocationHelper.java:133)
	at org.testng.internal.MethodInvocationHelper.invokeMethodConsideringTimeout(MethodInvocationHelper.java:62)
	at org.testng.internal.ConfigInvoker.invokeConfigurationMethod(ConfigInvoker.java:385)
	at org.testng.internal.ConfigInvoker.invokeConfigurations(ConfigInvoker.java:321)
	at org.testng.TestRunner.invokeTestConfigurations(TestRunner.java:637)
	at org.testng.TestRunner.beforeRun(TestRunner.java:627)
	at org.testng.TestRunner.run(TestRunner.java:589)
	at org.testng.SuiteRunner.runTest(SuiteRunner.java:377)
	at org.testng.SuiteRunner.runSequentially(SuiteRunner.java:371)
	at org.testng.SuiteRunner.privateRun(SuiteRunner.java:332)
	at org.testng.SuiteRunner.run(SuiteRunner.java:276)
	at org.testng.SuiteRunnerWorker.runSuite(SuiteRunnerWorker.java:53)
	at org.testng.SuiteRunnerWorker.run(SuiteRunnerWorker.java:96)
	at org.testng.TestNG.runSuitesSequentially(TestNG.java:1212)
	at org.testng.TestNG.runSuitesLocally(TestNG.java:1134)
	at org.testng.TestNG.runSuites(TestNG.java:1063)
	at org.testng.TestNG.run(TestNG.java:1031)
	at com.intellij.rt.testng.IDEARemoteTestNG.run(IDEARemoteTestNG.java:66)
	at com.intellij.rt.testng.RemoteTestNGStarter.main(RemoteTestNGStarter.java:109)
</pre></div></td>
<td>0</td>
<td>com.easyserv.testcases.Admin.BookingListTest@14d3bc22</td></tr>
<tr>
<td title='com.easyserv.testcases.Admin.BookingListTest.BookingListTest_TC006()'><b>BookingListTest_TC006</b><br>Test class: com.easyserv.testcases.Admin.BookingListTest</td>
<td><div><pre>java.lang.IllegalArgumentException: Input must be set
	at org.openqa.selenium.internal.Require.nonNull(Require.java:59)
	at org.openqa.selenium.support.ui.FluentWait.&lt;init&gt;(FluentWait.java:97)
	at org.openqa.selenium.support.ui.WebDriverWait.&lt;init&gt;(WebDriverWait.java:77)
	at org.openqa.selenium.support.ui.WebDriverWait.&lt;init&gt;(WebDriverWait.java:46)
	at com.easyserv.common.ValidateHelper.&lt;init&gt;(ValidateHelper.java:20)
	at com.easyserv.pages.BookingManagement.CreateBookingPage.&lt;init&gt;(CreateBookingPage.java:46)
	at com.easyserv.testcases.Admin.CreateBookingTest.setup(CreateBookingTest.java:23)
	at com.intellij.rt.testng.IDEARemoteTestNG.run(IDEARemoteTestNG.java:66)
	at com.intellij.rt.testng.RemoteTestNGStarter.main(RemoteTestNGStarter.java:109)
... Removed 21 stack frames</pre></div><a href='#' onClick='toggleBox("stack-trace824915171", this, "Click to show all stack frames", "Click to hide stack frames")'>Click to show all stack frames</a>
<div class='stack-trace' id='stack-trace824915171'><pre>java.lang.IllegalArgumentException: Input must be set
	at org.openqa.selenium.internal.Require.nonNull(Require.java:59)
	at org.openqa.selenium.support.ui.FluentWait.&lt;init&gt;(FluentWait.java:97)
	at org.openqa.selenium.support.ui.WebDriverWait.&lt;init&gt;(WebDriverWait.java:77)
	at org.openqa.selenium.support.ui.WebDriverWait.&lt;init&gt;(WebDriverWait.java:46)
	at com.easyserv.common.ValidateHelper.&lt;init&gt;(ValidateHelper.java:20)
	at com.easyserv.pages.BookingManagement.CreateBookingPage.&lt;init&gt;(CreateBookingPage.java:46)
	at com.easyserv.testcases.Admin.CreateBookingTest.setup(CreateBookingTest.java:23)
	at java.base/jdk.internal.reflect.NativeMethodAccessorImpl.invoke0(Native Method)
	at java.base/jdk.internal.reflect.NativeMethodAccessorImpl.invoke(NativeMethodAccessorImpl.java:77)
	at java.base/jdk.internal.reflect.DelegatingMethodAccessorImpl.invoke(DelegatingMethodAccessorImpl.java:43)
	at java.base/java.lang.reflect.Method.invoke(Method.java:568)
	at org.testng.internal.MethodInvocationHelper.invokeMethod(MethodInvocationHelper.java:133)
	at org.testng.internal.MethodInvocationHelper.invokeMethodConsideringTimeout(MethodInvocationHelper.java:62)
	at org.testng.internal.ConfigInvoker.invokeConfigurationMethod(ConfigInvoker.java:385)
	at org.testng.internal.ConfigInvoker.invokeConfigurations(ConfigInvoker.java:321)
	at org.testng.TestRunner.invokeTestConfigurations(TestRunner.java:637)
	at org.testng.TestRunner.beforeRun(TestRunner.java:627)
	at org.testng.TestRunner.run(TestRunner.java:589)
	at org.testng.SuiteRunner.runTest(SuiteRunner.java:377)
	at org.testng.SuiteRunner.runSequentially(SuiteRunner.java:371)
	at org.testng.SuiteRunner.privateRun(SuiteRunner.java:332)
	at org.testng.SuiteRunner.run(SuiteRunner.java:276)
	at org.testng.SuiteRunnerWorker.runSuite(SuiteRunnerWorker.java:53)
	at org.testng.SuiteRunnerWorker.run(SuiteRunnerWorker.java:96)
	at org.testng.TestNG.runSuitesSequentially(TestNG.java:1212)
	at org.testng.TestNG.runSuitesLocally(TestNG.java:1134)
	at org.testng.TestNG.runSuites(TestNG.java:1063)
	at org.testng.TestNG.run(TestNG.java:1031)
	at com.intellij.rt.testng.IDEARemoteTestNG.run(IDEARemoteTestNG.java:66)
	at com.intellij.rt.testng.RemoteTestNGStarter.main(RemoteTestNGStarter.java:109)
</pre></div></td>
<td>0</td>
<td>com.easyserv.testcases.Admin.BookingListTest@14d3bc22</td></tr>
<tr>
<td title='com.easyserv.testcases.Admin.CreateBookingTest.CreateBookingTest_TC002()'><b>CreateBookingTest_TC002</b><br>Test class: com.easyserv.testcases.Admin.CreateBookingTest<br>Test method: Verify validation message for "searchbox" in case blank field</td>
<td><div><pre>java.lang.IllegalArgumentException: Input must be set
	at org.openqa.selenium.internal.Require.nonNull(Require.java:59)
	at org.openqa.selenium.support.ui.FluentWait.&lt;init&gt;(FluentWait.java:97)
	at org.openqa.selenium.support.ui.WebDriverWait.&lt;init&gt;(WebDriverWait.java:77)
	at org.openqa.selenium.support.ui.WebDriverWait.&lt;init&gt;(WebDriverWait.java:46)
	at com.easyserv.common.ValidateHelper.&lt;init&gt;(ValidateHelper.java:20)
	at com.easyserv.pages.BookingManagement.CreateBookingPage.&lt;init&gt;(CreateBookingPage.java:46)
	at com.easyserv.testcases.Admin.CreateBookingTest.setup(CreateBookingTest.java:23)
	at com.intellij.rt.testng.IDEARemoteTestNG.run(IDEARemoteTestNG.java:66)
	at com.intellij.rt.testng.RemoteTestNGStarter.main(RemoteTestNGStarter.java:109)
... Removed 21 stack frames</pre></div><a href='#' onClick='toggleBox("stack-trace449105069", this, "Click to show all stack frames", "Click to hide stack frames")'>Click to show all stack frames</a>
<div class='stack-trace' id='stack-trace449105069'><pre>java.lang.IllegalArgumentException: Input must be set
	at org.openqa.selenium.internal.Require.nonNull(Require.java:59)
	at org.openqa.selenium.support.ui.FluentWait.&lt;init&gt;(FluentWait.java:97)
	at org.openqa.selenium.support.ui.WebDriverWait.&lt;init&gt;(WebDriverWait.java:77)
	at org.openqa.selenium.support.ui.WebDriverWait.&lt;init&gt;(WebDriverWait.java:46)
	at com.easyserv.common.ValidateHelper.&lt;init&gt;(ValidateHelper.java:20)
	at com.easyserv.pages.BookingManagement.CreateBookingPage.&lt;init&gt;(CreateBookingPage.java:46)
	at com.easyserv.testcases.Admin.CreateBookingTest.setup(CreateBookingTest.java:23)
	at java.base/jdk.internal.reflect.NativeMethodAccessorImpl.invoke0(Native Method)
	at java.base/jdk.internal.reflect.NativeMethodAccessorImpl.invoke(NativeMethodAccessorImpl.java:77)
	at java.base/jdk.internal.reflect.DelegatingMethodAccessorImpl.invoke(DelegatingMethodAccessorImpl.java:43)
	at java.base/java.lang.reflect.Method.invoke(Method.java:568)
	at org.testng.internal.MethodInvocationHelper.invokeMethod(MethodInvocationHelper.java:133)
	at org.testng.internal.MethodInvocationHelper.invokeMethodConsideringTimeout(MethodInvocationHelper.java:62)
	at org.testng.internal.ConfigInvoker.invokeConfigurationMethod(ConfigInvoker.java:385)
	at org.testng.internal.ConfigInvoker.invokeConfigurations(ConfigInvoker.java:321)
	at org.testng.TestRunner.invokeTestConfigurations(TestRunner.java:637)
	at org.testng.TestRunner.beforeRun(TestRunner.java:627)
	at org.testng.TestRunner.run(TestRunner.java:589)
	at org.testng.SuiteRunner.runTest(SuiteRunner.java:377)
	at org.testng.SuiteRunner.runSequentially(SuiteRunner.java:371)
	at org.testng.SuiteRunner.privateRun(SuiteRunner.java:332)
	at org.testng.SuiteRunner.run(SuiteRunner.java:276)
	at org.testng.SuiteRunnerWorker.runSuite(SuiteRunnerWorker.java:53)
	at org.testng.SuiteRunnerWorker.run(SuiteRunnerWorker.java:96)
	at org.testng.TestNG.runSuitesSequentially(TestNG.java:1212)
	at org.testng.TestNG.runSuitesLocally(TestNG.java:1134)
	at org.testng.TestNG.runSuites(TestNG.java:1063)
	at org.testng.TestNG.run(TestNG.java:1031)
	at com.intellij.rt.testng.IDEARemoteTestNG.run(IDEARemoteTestNG.java:66)
	at com.intellij.rt.testng.RemoteTestNGStarter.main(RemoteTestNGStarter.java:109)
</pre></div></td>
<td>0</td>
<td>com.easyserv.testcases.Admin.CreateBookingTest@2928854b</td></tr>
<tr>
<td title='com.easyserv.testcases.Admin.BookingListTest.BookingListTest_TC001()'><b>BookingListTest_TC001</b><br>Test class: com.easyserv.testcases.Admin.BookingListTest</td>
<td><div><pre>java.lang.IllegalArgumentException: Input must be set
	at org.openqa.selenium.internal.Require.nonNull(Require.java:59)
	at org.openqa.selenium.support.ui.FluentWait.&lt;init&gt;(FluentWait.java:97)
	at org.openqa.selenium.support.ui.WebDriverWait.&lt;init&gt;(WebDriverWait.java:77)
	at org.openqa.selenium.support.ui.WebDriverWait.&lt;init&gt;(WebDriverWait.java:46)
	at com.easyserv.common.ValidateHelper.&lt;init&gt;(ValidateHelper.java:20)
	at com.easyserv.pages.BookingManagement.CreateBookingPage.&lt;init&gt;(CreateBookingPage.java:46)
	at com.easyserv.testcases.Admin.CreateBookingTest.setup(CreateBookingTest.java:23)
	at com.intellij.rt.testng.IDEARemoteTestNG.run(IDEARemoteTestNG.java:66)
	at com.intellij.rt.testng.RemoteTestNGStarter.main(RemoteTestNGStarter.java:109)
... Removed 21 stack frames</pre></div><a href='#' onClick='toggleBox("stack-trace1332150216", this, "Click to show all stack frames", "Click to hide stack frames")'>Click to show all stack frames</a>
<div class='stack-trace' id='stack-trace1332150216'><pre>java.lang.IllegalArgumentException: Input must be set
	at org.openqa.selenium.internal.Require.nonNull(Require.java:59)
	at org.openqa.selenium.support.ui.FluentWait.&lt;init&gt;(FluentWait.java:97)
	at org.openqa.selenium.support.ui.WebDriverWait.&lt;init&gt;(WebDriverWait.java:77)
	at org.openqa.selenium.support.ui.WebDriverWait.&lt;init&gt;(WebDriverWait.java:46)
	at com.easyserv.common.ValidateHelper.&lt;init&gt;(ValidateHelper.java:20)
	at com.easyserv.pages.BookingManagement.CreateBookingPage.&lt;init&gt;(CreateBookingPage.java:46)
	at com.easyserv.testcases.Admin.CreateBookingTest.setup(CreateBookingTest.java:23)
	at java.base/jdk.internal.reflect.NativeMethodAccessorImpl.invoke0(Native Method)
	at java.base/jdk.internal.reflect.NativeMethodAccessorImpl.invoke(NativeMethodAccessorImpl.java:77)
	at java.base/jdk.internal.reflect.DelegatingMethodAccessorImpl.invoke(DelegatingMethodAccessorImpl.java:43)
	at java.base/java.lang.reflect.Method.invoke(Method.java:568)
	at org.testng.internal.MethodInvocationHelper.invokeMethod(MethodInvocationHelper.java:133)
	at org.testng.internal.MethodInvocationHelper.invokeMethodConsideringTimeout(MethodInvocationHelper.java:62)
	at org.testng.internal.ConfigInvoker.invokeConfigurationMethod(ConfigInvoker.java:385)
	at org.testng.internal.ConfigInvoker.invokeConfigurations(ConfigInvoker.java:321)
	at org.testng.TestRunner.invokeTestConfigurations(TestRunner.java:637)
	at org.testng.TestRunner.beforeRun(TestRunner.java:627)
	at org.testng.TestRunner.run(TestRunner.java:589)
	at org.testng.SuiteRunner.runTest(SuiteRunner.java:377)
	at org.testng.SuiteRunner.runSequentially(SuiteRunner.java:371)
	at org.testng.SuiteRunner.privateRun(SuiteRunner.java:332)
	at org.testng.SuiteRunner.run(SuiteRunner.java:276)
	at org.testng.SuiteRunnerWorker.runSuite(SuiteRunnerWorker.java:53)
	at org.testng.SuiteRunnerWorker.run(SuiteRunnerWorker.java:96)
	at org.testng.TestNG.runSuitesSequentially(TestNG.java:1212)
	at org.testng.TestNG.runSuitesLocally(TestNG.java:1134)
	at org.testng.TestNG.runSuites(TestNG.java:1063)
	at org.testng.TestNG.run(TestNG.java:1031)
	at com.intellij.rt.testng.IDEARemoteTestNG.run(IDEARemoteTestNG.java:66)
	at com.intellij.rt.testng.RemoteTestNGStarter.main(RemoteTestNGStarter.java:109)
</pre></div></td>
<td>0</td>
<td>com.easyserv.testcases.Admin.BookingListTest@14d3bc22</td></tr>
<tr>
<td title='com.easyserv.testcases.Admin.BookingListTest.BookingListTest_TC003()'><b>BookingListTest_TC003</b><br>Test class: com.easyserv.testcases.Admin.BookingListTest</td>
<td><div><pre>java.lang.IllegalArgumentException: Input must be set
	at org.openqa.selenium.internal.Require.nonNull(Require.java:59)
	at org.openqa.selenium.support.ui.FluentWait.&lt;init&gt;(FluentWait.java:97)
	at org.openqa.selenium.support.ui.WebDriverWait.&lt;init&gt;(WebDriverWait.java:77)
	at org.openqa.selenium.support.ui.WebDriverWait.&lt;init&gt;(WebDriverWait.java:46)
	at com.easyserv.common.ValidateHelper.&lt;init&gt;(ValidateHelper.java:20)
	at com.easyserv.pages.BookingManagement.CreateBookingPage.&lt;init&gt;(CreateBookingPage.java:46)
	at com.easyserv.testcases.Admin.CreateBookingTest.setup(CreateBookingTest.java:23)
	at com.intellij.rt.testng.IDEARemoteTestNG.run(IDEARemoteTestNG.java:66)
	at com.intellij.rt.testng.RemoteTestNGStarter.main(RemoteTestNGStarter.java:109)
... Removed 21 stack frames</pre></div><a href='#' onClick='toggleBox("stack-trace1897732690", this, "Click to show all stack frames", "Click to hide stack frames")'>Click to show all stack frames</a>
<div class='stack-trace' id='stack-trace1897732690'><pre>java.lang.IllegalArgumentException: Input must be set
	at org.openqa.selenium.internal.Require.nonNull(Require.java:59)
	at org.openqa.selenium.support.ui.FluentWait.&lt;init&gt;(FluentWait.java:97)
	at org.openqa.selenium.support.ui.WebDriverWait.&lt;init&gt;(WebDriverWait.java:77)
	at org.openqa.selenium.support.ui.WebDriverWait.&lt;init&gt;(WebDriverWait.java:46)
	at com.easyserv.common.ValidateHelper.&lt;init&gt;(ValidateHelper.java:20)
	at com.easyserv.pages.BookingManagement.CreateBookingPage.&lt;init&gt;(CreateBookingPage.java:46)
	at com.easyserv.testcases.Admin.CreateBookingTest.setup(CreateBookingTest.java:23)
	at java.base/jdk.internal.reflect.NativeMethodAccessorImpl.invoke0(Native Method)
	at java.base/jdk.internal.reflect.NativeMethodAccessorImpl.invoke(NativeMethodAccessorImpl.java:77)
	at java.base/jdk.internal.reflect.DelegatingMethodAccessorImpl.invoke(DelegatingMethodAccessorImpl.java:43)
	at java.base/java.lang.reflect.Method.invoke(Method.java:568)
	at org.testng.internal.MethodInvocationHelper.invokeMethod(MethodInvocationHelper.java:133)
	at org.testng.internal.MethodInvocationHelper.invokeMethodConsideringTimeout(MethodInvocationHelper.java:62)
	at org.testng.internal.ConfigInvoker.invokeConfigurationMethod(ConfigInvoker.java:385)
	at org.testng.internal.ConfigInvoker.invokeConfigurations(ConfigInvoker.java:321)
	at org.testng.TestRunner.invokeTestConfigurations(TestRunner.java:637)
	at org.testng.TestRunner.beforeRun(TestRunner.java:627)
	at org.testng.TestRunner.run(TestRunner.java:589)
	at org.testng.SuiteRunner.runTest(SuiteRunner.java:377)
	at org.testng.SuiteRunner.runSequentially(SuiteRunner.java:371)
	at org.testng.SuiteRunner.privateRun(SuiteRunner.java:332)
	at org.testng.SuiteRunner.run(SuiteRunner.java:276)
	at org.testng.SuiteRunnerWorker.runSuite(SuiteRunnerWorker.java:53)
	at org.testng.SuiteRunnerWorker.run(SuiteRunnerWorker.java:96)
	at org.testng.TestNG.runSuitesSequentially(TestNG.java:1212)
	at org.testng.TestNG.runSuitesLocally(TestNG.java:1134)
	at org.testng.TestNG.runSuites(TestNG.java:1063)
	at org.testng.TestNG.run(TestNG.java:1031)
	at com.intellij.rt.testng.IDEARemoteTestNG.run(IDEARemoteTestNG.java:66)
	at com.intellij.rt.testng.RemoteTestNGStarter.main(RemoteTestNGStarter.java:109)
</pre></div></td>
<td>0</td>
<td>com.easyserv.testcases.Admin.BookingListTest@14d3bc22</td></tr>
<tr>
<td title='com.easyserv.testcases.Admin.BookingListTest.BookingListTest_TC010_1()'><b>BookingListTest_TC010_1</b><br>Test class: com.easyserv.testcases.Admin.BookingListTest</td>
<td><div><pre>java.lang.IllegalArgumentException: Input must be set
	at org.openqa.selenium.internal.Require.nonNull(Require.java:59)
	at org.openqa.selenium.support.ui.FluentWait.&lt;init&gt;(FluentWait.java:97)
	at org.openqa.selenium.support.ui.WebDriverWait.&lt;init&gt;(WebDriverWait.java:77)
	at org.openqa.selenium.support.ui.WebDriverWait.&lt;init&gt;(WebDriverWait.java:46)
	at com.easyserv.common.ValidateHelper.&lt;init&gt;(ValidateHelper.java:20)
	at com.easyserv.pages.BookingManagement.CreateBookingPage.&lt;init&gt;(CreateBookingPage.java:46)
	at com.easyserv.testcases.Admin.CreateBookingTest.setup(CreateBookingTest.java:23)
	at com.intellij.rt.testng.IDEARemoteTestNG.run(IDEARemoteTestNG.java:66)
	at com.intellij.rt.testng.RemoteTestNGStarter.main(RemoteTestNGStarter.java:109)
... Removed 21 stack frames</pre></div><a href='#' onClick='toggleBox("stack-trace730575236", this, "Click to show all stack frames", "Click to hide stack frames")'>Click to show all stack frames</a>
<div class='stack-trace' id='stack-trace730575236'><pre>java.lang.IllegalArgumentException: Input must be set
	at org.openqa.selenium.internal.Require.nonNull(Require.java:59)
	at org.openqa.selenium.support.ui.FluentWait.&lt;init&gt;(FluentWait.java:97)
	at org.openqa.selenium.support.ui.WebDriverWait.&lt;init&gt;(WebDriverWait.java:77)
	at org.openqa.selenium.support.ui.WebDriverWait.&lt;init&gt;(WebDriverWait.java:46)
	at com.easyserv.common.ValidateHelper.&lt;init&gt;(ValidateHelper.java:20)
	at com.easyserv.pages.BookingManagement.CreateBookingPage.&lt;init&gt;(CreateBookingPage.java:46)
	at com.easyserv.testcases.Admin.CreateBookingTest.setup(CreateBookingTest.java:23)
	at java.base/jdk.internal.reflect.NativeMethodAccessorImpl.invoke0(Native Method)
	at java.base/jdk.internal.reflect.NativeMethodAccessorImpl.invoke(NativeMethodAccessorImpl.java:77)
	at java.base/jdk.internal.reflect.DelegatingMethodAccessorImpl.invoke(DelegatingMethodAccessorImpl.java:43)
	at java.base/java.lang.reflect.Method.invoke(Method.java:568)
	at org.testng.internal.MethodInvocationHelper.invokeMethod(MethodInvocationHelper.java:133)
	at org.testng.internal.MethodInvocationHelper.invokeMethodConsideringTimeout(MethodInvocationHelper.java:62)
	at org.testng.internal.ConfigInvoker.invokeConfigurationMethod(ConfigInvoker.java:385)
	at org.testng.internal.ConfigInvoker.invokeConfigurations(ConfigInvoker.java:321)
	at org.testng.TestRunner.invokeTestConfigurations(TestRunner.java:637)
	at org.testng.TestRunner.beforeRun(TestRunner.java:627)
	at org.testng.TestRunner.run(TestRunner.java:589)
	at org.testng.SuiteRunner.runTest(SuiteRunner.java:377)
	at org.testng.SuiteRunner.runSequentially(SuiteRunner.java:371)
	at org.testng.SuiteRunner.privateRun(SuiteRunner.java:332)
	at org.testng.SuiteRunner.run(SuiteRunner.java:276)
	at org.testng.SuiteRunnerWorker.runSuite(SuiteRunnerWorker.java:53)
	at org.testng.SuiteRunnerWorker.run(SuiteRunnerWorker.java:96)
	at org.testng.TestNG.runSuitesSequentially(TestNG.java:1212)
	at org.testng.TestNG.runSuitesLocally(TestNG.java:1134)
	at org.testng.TestNG.runSuites(TestNG.java:1063)
	at org.testng.TestNG.run(TestNG.java:1031)
	at com.intellij.rt.testng.IDEARemoteTestNG.run(IDEARemoteTestNG.java:66)
	at com.intellij.rt.testng.RemoteTestNGStarter.main(RemoteTestNGStarter.java:109)
</pre></div></td>
<td>0</td>
<td>com.easyserv.testcases.Admin.BookingListTest@14d3bc22</td></tr>
<tr>
<td title='com.easyserv.testcases.Admin.CreateBookingTest.CreateBookingTest_TC005()'><b>CreateBookingTest_TC005</b><br>Test class: com.easyserv.testcases.Admin.CreateBookingTest<br>Test method: Verify that system doesn't display result in case the user enter valid data</td>
<td><div><pre>java.lang.IllegalArgumentException: Input must be set
	at org.openqa.selenium.internal.Require.nonNull(Require.java:59)
	at org.openqa.selenium.support.ui.FluentWait.&lt;init&gt;(FluentWait.java:97)
	at org.openqa.selenium.support.ui.WebDriverWait.&lt;init&gt;(WebDriverWait.java:77)
	at org.openqa.selenium.support.ui.WebDriverWait.&lt;init&gt;(WebDriverWait.java:46)
	at com.easyserv.common.ValidateHelper.&lt;init&gt;(ValidateHelper.java:20)
	at com.easyserv.pages.BookingManagement.CreateBookingPage.&lt;init&gt;(CreateBookingPage.java:46)
	at com.easyserv.testcases.Admin.CreateBookingTest.setup(CreateBookingTest.java:23)
	at com.intellij.rt.testng.IDEARemoteTestNG.run(IDEARemoteTestNG.java:66)
	at com.intellij.rt.testng.RemoteTestNGStarter.main(RemoteTestNGStarter.java:109)
... Removed 21 stack frames</pre></div><a href='#' onClick='toggleBox("stack-trace1730595945", this, "Click to show all stack frames", "Click to hide stack frames")'>Click to show all stack frames</a>
<div class='stack-trace' id='stack-trace1730595945'><pre>java.lang.IllegalArgumentException: Input must be set
	at org.openqa.selenium.internal.Require.nonNull(Require.java:59)
	at org.openqa.selenium.support.ui.FluentWait.&lt;init&gt;(FluentWait.java:97)
	at org.openqa.selenium.support.ui.WebDriverWait.&lt;init&gt;(WebDriverWait.java:77)
	at org.openqa.selenium.support.ui.WebDriverWait.&lt;init&gt;(WebDriverWait.java:46)
	at com.easyserv.common.ValidateHelper.&lt;init&gt;(ValidateHelper.java:20)
	at com.easyserv.pages.BookingManagement.CreateBookingPage.&lt;init&gt;(CreateBookingPage.java:46)
	at com.easyserv.testcases.Admin.CreateBookingTest.setup(CreateBookingTest.java:23)
	at java.base/jdk.internal.reflect.NativeMethodAccessorImpl.invoke0(Native Method)
	at java.base/jdk.internal.reflect.NativeMethodAccessorImpl.invoke(NativeMethodAccessorImpl.java:77)
	at java.base/jdk.internal.reflect.DelegatingMethodAccessorImpl.invoke(DelegatingMethodAccessorImpl.java:43)
	at java.base/java.lang.reflect.Method.invoke(Method.java:568)
	at org.testng.internal.MethodInvocationHelper.invokeMethod(MethodInvocationHelper.java:133)
	at org.testng.internal.MethodInvocationHelper.invokeMethodConsideringTimeout(MethodInvocationHelper.java:62)
	at org.testng.internal.ConfigInvoker.invokeConfigurationMethod(ConfigInvoker.java:385)
	at org.testng.internal.ConfigInvoker.invokeConfigurations(ConfigInvoker.java:321)
	at org.testng.TestRunner.invokeTestConfigurations(TestRunner.java:637)
	at org.testng.TestRunner.beforeRun(TestRunner.java:627)
	at org.testng.TestRunner.run(TestRunner.java:589)
	at org.testng.SuiteRunner.runTest(SuiteRunner.java:377)
	at org.testng.SuiteRunner.runSequentially(SuiteRunner.java:371)
	at org.testng.SuiteRunner.privateRun(SuiteRunner.java:332)
	at org.testng.SuiteRunner.run(SuiteRunner.java:276)
	at org.testng.SuiteRunnerWorker.runSuite(SuiteRunnerWorker.java:53)
	at org.testng.SuiteRunnerWorker.run(SuiteRunnerWorker.java:96)
	at org.testng.TestNG.runSuitesSequentially(TestNG.java:1212)
	at org.testng.TestNG.runSuitesLocally(TestNG.java:1134)
	at org.testng.TestNG.runSuites(TestNG.java:1063)
	at org.testng.TestNG.run(TestNG.java:1031)
	at com.intellij.rt.testng.IDEARemoteTestNG.run(IDEARemoteTestNG.java:66)
	at com.intellij.rt.testng.RemoteTestNGStarter.main(RemoteTestNGStarter.java:109)
</pre></div></td>
<td>0</td>
<td>com.easyserv.testcases.Admin.CreateBookingTest@2928854b</td></tr>
<tr>
<td title='com.easyserv.testcases.Admin.BookingListTest.BookingListTest_TC005()'><b>BookingListTest_TC005</b><br>Test class: com.easyserv.testcases.Admin.BookingListTest</td>
<td><div><pre>java.lang.IllegalArgumentException: Input must be set
	at org.openqa.selenium.internal.Require.nonNull(Require.java:59)
	at org.openqa.selenium.support.ui.FluentWait.&lt;init&gt;(FluentWait.java:97)
	at org.openqa.selenium.support.ui.WebDriverWait.&lt;init&gt;(WebDriverWait.java:77)
	at org.openqa.selenium.support.ui.WebDriverWait.&lt;init&gt;(WebDriverWait.java:46)
	at com.easyserv.common.ValidateHelper.&lt;init&gt;(ValidateHelper.java:20)
	at com.easyserv.pages.BookingManagement.CreateBookingPage.&lt;init&gt;(CreateBookingPage.java:46)
	at com.easyserv.testcases.Admin.CreateBookingTest.setup(CreateBookingTest.java:23)
	at com.intellij.rt.testng.IDEARemoteTestNG.run(IDEARemoteTestNG.java:66)
	at com.intellij.rt.testng.RemoteTestNGStarter.main(RemoteTestNGStarter.java:109)
... Removed 21 stack frames</pre></div><a href='#' onClick='toggleBox("stack-trace1730900666", this, "Click to show all stack frames", "Click to hide stack frames")'>Click to show all stack frames</a>
<div class='stack-trace' id='stack-trace1730900666'><pre>java.lang.IllegalArgumentException: Input must be set
	at org.openqa.selenium.internal.Require.nonNull(Require.java:59)
	at org.openqa.selenium.support.ui.FluentWait.&lt;init&gt;(FluentWait.java:97)
	at org.openqa.selenium.support.ui.WebDriverWait.&lt;init&gt;(WebDriverWait.java:77)
	at org.openqa.selenium.support.ui.WebDriverWait.&lt;init&gt;(WebDriverWait.java:46)
	at com.easyserv.common.ValidateHelper.&lt;init&gt;(ValidateHelper.java:20)
	at com.easyserv.pages.BookingManagement.CreateBookingPage.&lt;init&gt;(CreateBookingPage.java:46)
	at com.easyserv.testcases.Admin.CreateBookingTest.setup(CreateBookingTest.java:23)
	at java.base/jdk.internal.reflect.NativeMethodAccessorImpl.invoke0(Native Method)
	at java.base/jdk.internal.reflect.NativeMethodAccessorImpl.invoke(NativeMethodAccessorImpl.java:77)
	at java.base/jdk.internal.reflect.DelegatingMethodAccessorImpl.invoke(DelegatingMethodAccessorImpl.java:43)
	at java.base/java.lang.reflect.Method.invoke(Method.java:568)
	at org.testng.internal.MethodInvocationHelper.invokeMethod(MethodInvocationHelper.java:133)
	at org.testng.internal.MethodInvocationHelper.invokeMethodConsideringTimeout(MethodInvocationHelper.java:62)
	at org.testng.internal.ConfigInvoker.invokeConfigurationMethod(ConfigInvoker.java:385)
	at org.testng.internal.ConfigInvoker.invokeConfigurations(ConfigInvoker.java:321)
	at org.testng.TestRunner.invokeTestConfigurations(TestRunner.java:637)
	at org.testng.TestRunner.beforeRun(TestRunner.java:627)
	at org.testng.TestRunner.run(TestRunner.java:589)
	at org.testng.SuiteRunner.runTest(SuiteRunner.java:377)
	at org.testng.SuiteRunner.runSequentially(SuiteRunner.java:371)
	at org.testng.SuiteRunner.privateRun(SuiteRunner.java:332)
	at org.testng.SuiteRunner.run(SuiteRunner.java:276)
	at org.testng.SuiteRunnerWorker.runSuite(SuiteRunnerWorker.java:53)
	at org.testng.SuiteRunnerWorker.run(SuiteRunnerWorker.java:96)
	at org.testng.TestNG.runSuitesSequentially(TestNG.java:1212)
	at org.testng.TestNG.runSuitesLocally(TestNG.java:1134)
	at org.testng.TestNG.runSuites(TestNG.java:1063)
	at org.testng.TestNG.run(TestNG.java:1031)
	at com.intellij.rt.testng.IDEARemoteTestNG.run(IDEARemoteTestNG.java:66)
	at com.intellij.rt.testng.RemoteTestNGStarter.main(RemoteTestNGStarter.java:109)
</pre></div></td>
<td>0</td>
<td>com.easyserv.testcases.Admin.BookingListTest@14d3bc22</td></tr>
<tr>
<td title='com.easyserv.testcases.Admin.CreateBookingTest.CreateBookingTest_TC006()'><b>CreateBookingTest_TC006</b><br>Test class: com.easyserv.testcases.Admin.CreateBookingTest<br>Test method: Verify that system display success the "Customer and Vehicle" section</td>
<td><div><pre>java.lang.IllegalArgumentException: Input must be set
	at org.openqa.selenium.internal.Require.nonNull(Require.java:59)
	at org.openqa.selenium.support.ui.FluentWait.&lt;init&gt;(FluentWait.java:97)
	at org.openqa.selenium.support.ui.WebDriverWait.&lt;init&gt;(WebDriverWait.java:77)
	at org.openqa.selenium.support.ui.WebDriverWait.&lt;init&gt;(WebDriverWait.java:46)
	at com.easyserv.common.ValidateHelper.&lt;init&gt;(ValidateHelper.java:20)
	at com.easyserv.pages.BookingManagement.CreateBookingPage.&lt;init&gt;(CreateBookingPage.java:46)
	at com.easyserv.testcases.Admin.CreateBookingTest.setup(CreateBookingTest.java:23)
	at com.intellij.rt.testng.IDEARemoteTestNG.run(IDEARemoteTestNG.java:66)
	at com.intellij.rt.testng.RemoteTestNGStarter.main(RemoteTestNGStarter.java:109)
... Removed 21 stack frames</pre></div><a href='#' onClick='toggleBox("stack-trace864657274", this, "Click to show all stack frames", "Click to hide stack frames")'>Click to show all stack frames</a>
<div class='stack-trace' id='stack-trace864657274'><pre>java.lang.IllegalArgumentException: Input must be set
	at org.openqa.selenium.internal.Require.nonNull(Require.java:59)
	at org.openqa.selenium.support.ui.FluentWait.&lt;init&gt;(FluentWait.java:97)
	at org.openqa.selenium.support.ui.WebDriverWait.&lt;init&gt;(WebDriverWait.java:77)
	at org.openqa.selenium.support.ui.WebDriverWait.&lt;init&gt;(WebDriverWait.java:46)
	at com.easyserv.common.ValidateHelper.&lt;init&gt;(ValidateHelper.java:20)
	at com.easyserv.pages.BookingManagement.CreateBookingPage.&lt;init&gt;(CreateBookingPage.java:46)
	at com.easyserv.testcases.Admin.CreateBookingTest.setup(CreateBookingTest.java:23)
	at java.base/jdk.internal.reflect.NativeMethodAccessorImpl.invoke0(Native Method)
	at java.base/jdk.internal.reflect.NativeMethodAccessorImpl.invoke(NativeMethodAccessorImpl.java:77)
	at java.base/jdk.internal.reflect.DelegatingMethodAccessorImpl.invoke(DelegatingMethodAccessorImpl.java:43)
	at java.base/java.lang.reflect.Method.invoke(Method.java:568)
	at org.testng.internal.MethodInvocationHelper.invokeMethod(MethodInvocationHelper.java:133)
	at org.testng.internal.MethodInvocationHelper.invokeMethodConsideringTimeout(MethodInvocationHelper.java:62)
	at org.testng.internal.ConfigInvoker.invokeConfigurationMethod(ConfigInvoker.java:385)
	at org.testng.internal.ConfigInvoker.invokeConfigurations(ConfigInvoker.java:321)
	at org.testng.TestRunner.invokeTestConfigurations(TestRunner.java:637)
	at org.testng.TestRunner.beforeRun(TestRunner.java:627)
	at org.testng.TestRunner.run(TestRunner.java:589)
	at org.testng.SuiteRunner.runTest(SuiteRunner.java:377)
	at org.testng.SuiteRunner.runSequentially(SuiteRunner.java:371)
	at org.testng.SuiteRunner.privateRun(SuiteRunner.java:332)
	at org.testng.SuiteRunner.run(SuiteRunner.java:276)
	at org.testng.SuiteRunnerWorker.runSuite(SuiteRunnerWorker.java:53)
	at org.testng.SuiteRunnerWorker.run(SuiteRunnerWorker.java:96)
	at org.testng.TestNG.runSuitesSequentially(TestNG.java:1212)
	at org.testng.TestNG.runSuitesLocally(TestNG.java:1134)
	at org.testng.TestNG.runSuites(TestNG.java:1063)
	at org.testng.TestNG.run(TestNG.java:1031)
	at com.intellij.rt.testng.IDEARemoteTestNG.run(IDEARemoteTestNG.java:66)
	at com.intellij.rt.testng.RemoteTestNGStarter.main(RemoteTestNGStarter.java:109)
</pre></div></td>
<td>0</td>
<td>com.easyserv.testcases.Admin.CreateBookingTest@2928854b</td></tr>
<tr>
<td title='com.easyserv.testcases.Admin.CreateBookingTest.CreateBookingTest_TC004()'><b>CreateBookingTest_TC004</b><br>Test class: com.easyserv.testcases.Admin.CreateBookingTest<br>Test method: Verify that system will be display list customer pop-up in case the user enter valid data</td>
<td><div><pre>java.lang.IllegalArgumentException: Input must be set
	at org.openqa.selenium.internal.Require.nonNull(Require.java:59)
	at org.openqa.selenium.support.ui.FluentWait.&lt;init&gt;(FluentWait.java:97)
	at org.openqa.selenium.support.ui.WebDriverWait.&lt;init&gt;(WebDriverWait.java:77)
	at org.openqa.selenium.support.ui.WebDriverWait.&lt;init&gt;(WebDriverWait.java:46)
	at com.easyserv.common.ValidateHelper.&lt;init&gt;(ValidateHelper.java:20)
	at com.easyserv.pages.BookingManagement.CreateBookingPage.&lt;init&gt;(CreateBookingPage.java:46)
	at com.easyserv.testcases.Admin.CreateBookingTest.setup(CreateBookingTest.java:23)
	at com.intellij.rt.testng.IDEARemoteTestNG.run(IDEARemoteTestNG.java:66)
	at com.intellij.rt.testng.RemoteTestNGStarter.main(RemoteTestNGStarter.java:109)
... Removed 21 stack frames</pre></div><a href='#' onClick='toggleBox("stack-trace1928900108", this, "Click to show all stack frames", "Click to hide stack frames")'>Click to show all stack frames</a>
<div class='stack-trace' id='stack-trace1928900108'><pre>java.lang.IllegalArgumentException: Input must be set
	at org.openqa.selenium.internal.Require.nonNull(Require.java:59)
	at org.openqa.selenium.support.ui.FluentWait.&lt;init&gt;(FluentWait.java:97)
	at org.openqa.selenium.support.ui.WebDriverWait.&lt;init&gt;(WebDriverWait.java:77)
	at org.openqa.selenium.support.ui.WebDriverWait.&lt;init&gt;(WebDriverWait.java:46)
	at com.easyserv.common.ValidateHelper.&lt;init&gt;(ValidateHelper.java:20)
	at com.easyserv.pages.BookingManagement.CreateBookingPage.&lt;init&gt;(CreateBookingPage.java:46)
	at com.easyserv.testcases.Admin.CreateBookingTest.setup(CreateBookingTest.java:23)
	at java.base/jdk.internal.reflect.NativeMethodAccessorImpl.invoke0(Native Method)
	at java.base/jdk.internal.reflect.NativeMethodAccessorImpl.invoke(NativeMethodAccessorImpl.java:77)
	at java.base/jdk.internal.reflect.DelegatingMethodAccessorImpl.invoke(DelegatingMethodAccessorImpl.java:43)
	at java.base/java.lang.reflect.Method.invoke(Method.java:568)
	at org.testng.internal.MethodInvocationHelper.invokeMethod(MethodInvocationHelper.java:133)
	at org.testng.internal.MethodInvocationHelper.invokeMethodConsideringTimeout(MethodInvocationHelper.java:62)
	at org.testng.internal.ConfigInvoker.invokeConfigurationMethod(ConfigInvoker.java:385)
	at org.testng.internal.ConfigInvoker.invokeConfigurations(ConfigInvoker.java:321)
	at org.testng.TestRunner.invokeTestConfigurations(TestRunner.java:637)
	at org.testng.TestRunner.beforeRun(TestRunner.java:627)
	at org.testng.TestRunner.run(TestRunner.java:589)
	at org.testng.SuiteRunner.runTest(SuiteRunner.java:377)
	at org.testng.SuiteRunner.runSequentially(SuiteRunner.java:371)
	at org.testng.SuiteRunner.privateRun(SuiteRunner.java:332)
	at org.testng.SuiteRunner.run(SuiteRunner.java:276)
	at org.testng.SuiteRunnerWorker.runSuite(SuiteRunnerWorker.java:53)
	at org.testng.SuiteRunnerWorker.run(SuiteRunnerWorker.java:96)
	at org.testng.TestNG.runSuitesSequentially(TestNG.java:1212)
	at org.testng.TestNG.runSuitesLocally(TestNG.java:1134)
	at org.testng.TestNG.runSuites(TestNG.java:1063)
	at org.testng.TestNG.run(TestNG.java:1031)
	at com.intellij.rt.testng.IDEARemoteTestNG.run(IDEARemoteTestNG.java:66)
	at com.intellij.rt.testng.RemoteTestNGStarter.main(RemoteTestNGStarter.java:109)
</pre></div></td>
<td>0</td>
<td>com.easyserv.testcases.Admin.CreateBookingTest@2928854b</td></tr>
<tr>
<td title='com.easyserv.testcases.Admin.BookingListTest.BookingListTest_TC007_1()'><b>BookingListTest_TC007_1</b><br>Test class: com.easyserv.testcases.Admin.BookingListTest</td>
<td><div><pre>java.lang.IllegalArgumentException: Input must be set
	at org.openqa.selenium.internal.Require.nonNull(Require.java:59)
	at org.openqa.selenium.support.ui.FluentWait.&lt;init&gt;(FluentWait.java:97)
	at org.openqa.selenium.support.ui.WebDriverWait.&lt;init&gt;(WebDriverWait.java:77)
	at org.openqa.selenium.support.ui.WebDriverWait.&lt;init&gt;(WebDriverWait.java:46)
	at com.easyserv.common.ValidateHelper.&lt;init&gt;(ValidateHelper.java:20)
	at com.easyserv.pages.BookingManagement.CreateBookingPage.&lt;init&gt;(CreateBookingPage.java:46)
	at com.easyserv.testcases.Admin.CreateBookingTest.setup(CreateBookingTest.java:23)
	at com.intellij.rt.testng.IDEARemoteTestNG.run(IDEARemoteTestNG.java:66)
	at com.intellij.rt.testng.RemoteTestNGStarter.main(RemoteTestNGStarter.java:109)
... Removed 21 stack frames</pre></div><a href='#' onClick='toggleBox("stack-trace445010547", this, "Click to show all stack frames", "Click to hide stack frames")'>Click to show all stack frames</a>
<div class='stack-trace' id='stack-trace445010547'><pre>java.lang.IllegalArgumentException: Input must be set
	at org.openqa.selenium.internal.Require.nonNull(Require.java:59)
	at org.openqa.selenium.support.ui.FluentWait.&lt;init&gt;(FluentWait.java:97)
	at org.openqa.selenium.support.ui.WebDriverWait.&lt;init&gt;(WebDriverWait.java:77)
	at org.openqa.selenium.support.ui.WebDriverWait.&lt;init&gt;(WebDriverWait.java:46)
	at com.easyserv.common.ValidateHelper.&lt;init&gt;(ValidateHelper.java:20)
	at com.easyserv.pages.BookingManagement.CreateBookingPage.&lt;init&gt;(CreateBookingPage.java:46)
	at com.easyserv.testcases.Admin.CreateBookingTest.setup(CreateBookingTest.java:23)
	at java.base/jdk.internal.reflect.NativeMethodAccessorImpl.invoke0(Native Method)
	at java.base/jdk.internal.reflect.NativeMethodAccessorImpl.invoke(NativeMethodAccessorImpl.java:77)
	at java.base/jdk.internal.reflect.DelegatingMethodAccessorImpl.invoke(DelegatingMethodAccessorImpl.java:43)
	at java.base/java.lang.reflect.Method.invoke(Method.java:568)
	at org.testng.internal.MethodInvocationHelper.invokeMethod(MethodInvocationHelper.java:133)
	at org.testng.internal.MethodInvocationHelper.invokeMethodConsideringTimeout(MethodInvocationHelper.java:62)
	at org.testng.internal.ConfigInvoker.invokeConfigurationMethod(ConfigInvoker.java:385)
	at org.testng.internal.ConfigInvoker.invokeConfigurations(ConfigInvoker.java:321)
	at org.testng.TestRunner.invokeTestConfigurations(TestRunner.java:637)
	at org.testng.TestRunner.beforeRun(TestRunner.java:627)
	at org.testng.TestRunner.run(TestRunner.java:589)
	at org.testng.SuiteRunner.runTest(SuiteRunner.java:377)
	at org.testng.SuiteRunner.runSequentially(SuiteRunner.java:371)
	at org.testng.SuiteRunner.privateRun(SuiteRunner.java:332)
	at org.testng.SuiteRunner.run(SuiteRunner.java:276)
	at org.testng.SuiteRunnerWorker.runSuite(SuiteRunnerWorker.java:53)
	at org.testng.SuiteRunnerWorker.run(SuiteRunnerWorker.java:96)
	at org.testng.TestNG.runSuitesSequentially(TestNG.java:1212)
	at org.testng.TestNG.runSuitesLocally(TestNG.java:1134)
	at org.testng.TestNG.runSuites(TestNG.java:1063)
	at org.testng.TestNG.run(TestNG.java:1031)
	at com.intellij.rt.testng.IDEARemoteTestNG.run(IDEARemoteTestNG.java:66)
	at com.intellij.rt.testng.RemoteTestNGStarter.main(RemoteTestNGStarter.java:109)
</pre></div></td>
<td>0</td>
<td>com.easyserv.testcases.Admin.BookingListTest@14d3bc22</td></tr>
<tr>
<td title='com.easyserv.testcases.Admin.BookingListTest.BookingListTest_TC008()'><b>BookingListTest_TC008</b><br>Test class: com.easyserv.testcases.Admin.BookingListTest</td>
<td><div><pre>java.lang.IllegalArgumentException: Input must be set
	at org.openqa.selenium.internal.Require.nonNull(Require.java:59)
	at org.openqa.selenium.support.ui.FluentWait.&lt;init&gt;(FluentWait.java:97)
	at org.openqa.selenium.support.ui.WebDriverWait.&lt;init&gt;(WebDriverWait.java:77)
	at org.openqa.selenium.support.ui.WebDriverWait.&lt;init&gt;(WebDriverWait.java:46)
	at com.easyserv.common.ValidateHelper.&lt;init&gt;(ValidateHelper.java:20)
	at com.easyserv.pages.BookingManagement.CreateBookingPage.&lt;init&gt;(CreateBookingPage.java:46)
	at com.easyserv.testcases.Admin.CreateBookingTest.setup(CreateBookingTest.java:23)
	at com.intellij.rt.testng.IDEARemoteTestNG.run(IDEARemoteTestNG.java:66)
	at com.intellij.rt.testng.RemoteTestNGStarter.main(RemoteTestNGStarter.java:109)
... Removed 21 stack frames</pre></div><a href='#' onClick='toggleBox("stack-trace554146322", this, "Click to show all stack frames", "Click to hide stack frames")'>Click to show all stack frames</a>
<div class='stack-trace' id='stack-trace554146322'><pre>java.lang.IllegalArgumentException: Input must be set
	at org.openqa.selenium.internal.Require.nonNull(Require.java:59)
	at org.openqa.selenium.support.ui.FluentWait.&lt;init&gt;(FluentWait.java:97)
	at org.openqa.selenium.support.ui.WebDriverWait.&lt;init&gt;(WebDriverWait.java:77)
	at org.openqa.selenium.support.ui.WebDriverWait.&lt;init&gt;(WebDriverWait.java:46)
	at com.easyserv.common.ValidateHelper.&lt;init&gt;(ValidateHelper.java:20)
	at com.easyserv.pages.BookingManagement.CreateBookingPage.&lt;init&gt;(CreateBookingPage.java:46)
	at com.easyserv.testcases.Admin.CreateBookingTest.setup(CreateBookingTest.java:23)
	at java.base/jdk.internal.reflect.NativeMethodAccessorImpl.invoke0(Native Method)
	at java.base/jdk.internal.reflect.NativeMethodAccessorImpl.invoke(NativeMethodAccessorImpl.java:77)
	at java.base/jdk.internal.reflect.DelegatingMethodAccessorImpl.invoke(DelegatingMethodAccessorImpl.java:43)
	at java.base/java.lang.reflect.Method.invoke(Method.java:568)
	at org.testng.internal.MethodInvocationHelper.invokeMethod(MethodInvocationHelper.java:133)
	at org.testng.internal.MethodInvocationHelper.invokeMethodConsideringTimeout(MethodInvocationHelper.java:62)
	at org.testng.internal.ConfigInvoker.invokeConfigurationMethod(ConfigInvoker.java:385)
	at org.testng.internal.ConfigInvoker.invokeConfigurations(ConfigInvoker.java:321)
	at org.testng.TestRunner.invokeTestConfigurations(TestRunner.java:637)
	at org.testng.TestRunner.beforeRun(TestRunner.java:627)
	at org.testng.TestRunner.run(TestRunner.java:589)
	at org.testng.SuiteRunner.runTest(SuiteRunner.java:377)
	at org.testng.SuiteRunner.runSequentially(SuiteRunner.java:371)
	at org.testng.SuiteRunner.privateRun(SuiteRunner.java:332)
	at org.testng.SuiteRunner.run(SuiteRunner.java:276)
	at org.testng.SuiteRunnerWorker.runSuite(SuiteRunnerWorker.java:53)
	at org.testng.SuiteRunnerWorker.run(SuiteRunnerWorker.java:96)
	at org.testng.TestNG.runSuitesSequentially(TestNG.java:1212)
	at org.testng.TestNG.runSuitesLocally(TestNG.java:1134)
	at org.testng.TestNG.runSuites(TestNG.java:1063)
	at org.testng.TestNG.run(TestNG.java:1031)
	at com.intellij.rt.testng.IDEARemoteTestNG.run(IDEARemoteTestNG.java:66)
	at com.intellij.rt.testng.RemoteTestNGStarter.main(RemoteTestNGStarter.java:109)
</pre></div></td>
<td>0</td>
<td>com.easyserv.testcases.Admin.BookingListTest@14d3bc22</td></tr>
<tr>
<td title='com.easyserv.testcases.Admin.BookingListTest.BookingListTest_TC009()'><b>BookingListTest_TC009</b><br>Test class: com.easyserv.testcases.Admin.BookingListTest</td>
<td><div><pre>java.lang.IllegalArgumentException: Input must be set
	at org.openqa.selenium.internal.Require.nonNull(Require.java:59)
	at org.openqa.selenium.support.ui.FluentWait.&lt;init&gt;(FluentWait.java:97)
	at org.openqa.selenium.support.ui.WebDriverWait.&lt;init&gt;(WebDriverWait.java:77)
	at org.openqa.selenium.support.ui.WebDriverWait.&lt;init&gt;(WebDriverWait.java:46)
	at com.easyserv.common.ValidateHelper.&lt;init&gt;(ValidateHelper.java:20)
	at com.easyserv.pages.BookingManagement.CreateBookingPage.&lt;init&gt;(CreateBookingPage.java:46)
	at com.easyserv.testcases.Admin.CreateBookingTest.setup(CreateBookingTest.java:23)
	at com.intellij.rt.testng.IDEARemoteTestNG.run(IDEARemoteTestNG.java:66)
	at com.intellij.rt.testng.RemoteTestNGStarter.main(RemoteTestNGStarter.java:109)
... Removed 21 stack frames</pre></div><a href='#' onClick='toggleBox("stack-trace1741007954", this, "Click to show all stack frames", "Click to hide stack frames")'>Click to show all stack frames</a>
<div class='stack-trace' id='stack-trace1741007954'><pre>java.lang.IllegalArgumentException: Input must be set
	at org.openqa.selenium.internal.Require.nonNull(Require.java:59)
	at org.openqa.selenium.support.ui.FluentWait.&lt;init&gt;(FluentWait.java:97)
	at org.openqa.selenium.support.ui.WebDriverWait.&lt;init&gt;(WebDriverWait.java:77)
	at org.openqa.selenium.support.ui.WebDriverWait.&lt;init&gt;(WebDriverWait.java:46)
	at com.easyserv.common.ValidateHelper.&lt;init&gt;(ValidateHelper.java:20)
	at com.easyserv.pages.BookingManagement.CreateBookingPage.&lt;init&gt;(CreateBookingPage.java:46)
	at com.easyserv.testcases.Admin.CreateBookingTest.setup(CreateBookingTest.java:23)
	at java.base/jdk.internal.reflect.NativeMethodAccessorImpl.invoke0(Native Method)
	at java.base/jdk.internal.reflect.NativeMethodAccessorImpl.invoke(NativeMethodAccessorImpl.java:77)
	at java.base/jdk.internal.reflect.DelegatingMethodAccessorImpl.invoke(DelegatingMethodAccessorImpl.java:43)
	at java.base/java.lang.reflect.Method.invoke(Method.java:568)
	at org.testng.internal.MethodInvocationHelper.invokeMethod(MethodInvocationHelper.java:133)
	at org.testng.internal.MethodInvocationHelper.invokeMethodConsideringTimeout(MethodInvocationHelper.java:62)
	at org.testng.internal.ConfigInvoker.invokeConfigurationMethod(ConfigInvoker.java:385)
	at org.testng.internal.ConfigInvoker.invokeConfigurations(ConfigInvoker.java:321)
	at org.testng.TestRunner.invokeTestConfigurations(TestRunner.java:637)
	at org.testng.TestRunner.beforeRun(TestRunner.java:627)
	at org.testng.TestRunner.run(TestRunner.java:589)
	at org.testng.SuiteRunner.runTest(SuiteRunner.java:377)
	at org.testng.SuiteRunner.runSequentially(SuiteRunner.java:371)
	at org.testng.SuiteRunner.privateRun(SuiteRunner.java:332)
	at org.testng.SuiteRunner.run(SuiteRunner.java:276)
	at org.testng.SuiteRunnerWorker.runSuite(SuiteRunnerWorker.java:53)
	at org.testng.SuiteRunnerWorker.run(SuiteRunnerWorker.java:96)
	at org.testng.TestNG.runSuitesSequentially(TestNG.java:1212)
	at org.testng.TestNG.runSuitesLocally(TestNG.java:1134)
	at org.testng.TestNG.runSuites(TestNG.java:1063)
	at org.testng.TestNG.run(TestNG.java:1031)
	at com.intellij.rt.testng.IDEARemoteTestNG.run(IDEARemoteTestNG.java:66)
	at com.intellij.rt.testng.RemoteTestNGStarter.main(RemoteTestNGStarter.java:109)
</pre></div></td>
<td>0</td>
<td>com.easyserv.testcases.Admin.BookingListTest@14d3bc22</td></tr>
<tr>
<td title='com.easyserv.testcases.Admin.BookingListTest.BookingListTest_TC004()'><b>BookingListTest_TC004</b><br>Test class: com.easyserv.testcases.Admin.BookingListTest</td>
<td><div><pre>java.lang.IllegalArgumentException: Input must be set
	at org.openqa.selenium.internal.Require.nonNull(Require.java:59)
	at org.openqa.selenium.support.ui.FluentWait.&lt;init&gt;(FluentWait.java:97)
	at org.openqa.selenium.support.ui.WebDriverWait.&lt;init&gt;(WebDriverWait.java:77)
	at org.openqa.selenium.support.ui.WebDriverWait.&lt;init&gt;(WebDriverWait.java:46)
	at com.easyserv.common.ValidateHelper.&lt;init&gt;(ValidateHelper.java:20)
	at com.easyserv.pages.BookingManagement.CreateBookingPage.&lt;init&gt;(CreateBookingPage.java:46)
	at com.easyserv.testcases.Admin.CreateBookingTest.setup(CreateBookingTest.java:23)
	at com.intellij.rt.testng.IDEARemoteTestNG.run(IDEARemoteTestNG.java:66)
	at com.intellij.rt.testng.RemoteTestNGStarter.main(RemoteTestNGStarter.java:109)
... Removed 21 stack frames</pre></div><a href='#' onClick='toggleBox("stack-trace808377204", this, "Click to show all stack frames", "Click to hide stack frames")'>Click to show all stack frames</a>
<div class='stack-trace' id='stack-trace808377204'><pre>java.lang.IllegalArgumentException: Input must be set
	at org.openqa.selenium.internal.Require.nonNull(Require.java:59)
	at org.openqa.selenium.support.ui.FluentWait.&lt;init&gt;(FluentWait.java:97)
	at org.openqa.selenium.support.ui.WebDriverWait.&lt;init&gt;(WebDriverWait.java:77)
	at org.openqa.selenium.support.ui.WebDriverWait.&lt;init&gt;(WebDriverWait.java:46)
	at com.easyserv.common.ValidateHelper.&lt;init&gt;(ValidateHelper.java:20)
	at com.easyserv.pages.BookingManagement.CreateBookingPage.&lt;init&gt;(CreateBookingPage.java:46)
	at com.easyserv.testcases.Admin.CreateBookingTest.setup(CreateBookingTest.java:23)
	at java.base/jdk.internal.reflect.NativeMethodAccessorImpl.invoke0(Native Method)
	at java.base/jdk.internal.reflect.NativeMethodAccessorImpl.invoke(NativeMethodAccessorImpl.java:77)
	at java.base/jdk.internal.reflect.DelegatingMethodAccessorImpl.invoke(DelegatingMethodAccessorImpl.java:43)
	at java.base/java.lang.reflect.Method.invoke(Method.java:568)
	at org.testng.internal.MethodInvocationHelper.invokeMethod(MethodInvocationHelper.java:133)
	at org.testng.internal.MethodInvocationHelper.invokeMethodConsideringTimeout(MethodInvocationHelper.java:62)
	at org.testng.internal.ConfigInvoker.invokeConfigurationMethod(ConfigInvoker.java:385)
	at org.testng.internal.ConfigInvoker.invokeConfigurations(ConfigInvoker.java:321)
	at org.testng.TestRunner.invokeTestConfigurations(TestRunner.java:637)
	at org.testng.TestRunner.beforeRun(TestRunner.java:627)
	at org.testng.TestRunner.run(TestRunner.java:589)
	at org.testng.SuiteRunner.runTest(SuiteRunner.java:377)
	at org.testng.SuiteRunner.runSequentially(SuiteRunner.java:371)
	at org.testng.SuiteRunner.privateRun(SuiteRunner.java:332)
	at org.testng.SuiteRunner.run(SuiteRunner.java:276)
	at org.testng.SuiteRunnerWorker.runSuite(SuiteRunnerWorker.java:53)
	at org.testng.SuiteRunnerWorker.run(SuiteRunnerWorker.java:96)
	at org.testng.TestNG.runSuitesSequentially(TestNG.java:1212)
	at org.testng.TestNG.runSuitesLocally(TestNG.java:1134)
	at org.testng.TestNG.runSuites(TestNG.java:1063)
	at org.testng.TestNG.run(TestNG.java:1031)
	at com.intellij.rt.testng.IDEARemoteTestNG.run(IDEARemoteTestNG.java:66)
	at com.intellij.rt.testng.RemoteTestNGStarter.main(RemoteTestNGStarter.java:109)
</pre></div></td>
<td>0</td>
<td>com.easyserv.testcases.Admin.BookingListTest@14d3bc22</td></tr>
<tr>
<td title='com.easyserv.testcases.Admin.CreateBookingTest.CreateBookingTest_TC003()'><b>CreateBookingTest_TC003</b><br>Test class: com.easyserv.testcases.Admin.CreateBookingTest<br>Test method: Verify validation message for "Searchbox" in case input more than 50char</td>
<td><div><pre>java.lang.IllegalArgumentException: Input must be set
	at org.openqa.selenium.internal.Require.nonNull(Require.java:59)
	at org.openqa.selenium.support.ui.FluentWait.&lt;init&gt;(FluentWait.java:97)
	at org.openqa.selenium.support.ui.WebDriverWait.&lt;init&gt;(WebDriverWait.java:77)
	at org.openqa.selenium.support.ui.WebDriverWait.&lt;init&gt;(WebDriverWait.java:46)
	at com.easyserv.common.ValidateHelper.&lt;init&gt;(ValidateHelper.java:20)
	at com.easyserv.pages.BookingManagement.CreateBookingPage.&lt;init&gt;(CreateBookingPage.java:46)
	at com.easyserv.testcases.Admin.CreateBookingTest.setup(CreateBookingTest.java:23)
	at com.intellij.rt.testng.IDEARemoteTestNG.run(IDEARemoteTestNG.java:66)
	at com.intellij.rt.testng.RemoteTestNGStarter.main(RemoteTestNGStarter.java:109)
... Removed 21 stack frames</pre></div><a href='#' onClick='toggleBox("stack-trace345516674", this, "Click to show all stack frames", "Click to hide stack frames")'>Click to show all stack frames</a>
<div class='stack-trace' id='stack-trace345516674'><pre>java.lang.IllegalArgumentException: Input must be set
	at org.openqa.selenium.internal.Require.nonNull(Require.java:59)
	at org.openqa.selenium.support.ui.FluentWait.&lt;init&gt;(FluentWait.java:97)
	at org.openqa.selenium.support.ui.WebDriverWait.&lt;init&gt;(WebDriverWait.java:77)
	at org.openqa.selenium.support.ui.WebDriverWait.&lt;init&gt;(WebDriverWait.java:46)
	at com.easyserv.common.ValidateHelper.&lt;init&gt;(ValidateHelper.java:20)
	at com.easyserv.pages.BookingManagement.CreateBookingPage.&lt;init&gt;(CreateBookingPage.java:46)
	at com.easyserv.testcases.Admin.CreateBookingTest.setup(CreateBookingTest.java:23)
	at java.base/jdk.internal.reflect.NativeMethodAccessorImpl.invoke0(Native Method)
	at java.base/jdk.internal.reflect.NativeMethodAccessorImpl.invoke(NativeMethodAccessorImpl.java:77)
	at java.base/jdk.internal.reflect.DelegatingMethodAccessorImpl.invoke(DelegatingMethodAccessorImpl.java:43)
	at java.base/java.lang.reflect.Method.invoke(Method.java:568)
	at org.testng.internal.MethodInvocationHelper.invokeMethod(MethodInvocationHelper.java:133)
	at org.testng.internal.MethodInvocationHelper.invokeMethodConsideringTimeout(MethodInvocationHelper.java:62)
	at org.testng.internal.ConfigInvoker.invokeConfigurationMethod(ConfigInvoker.java:385)
	at org.testng.internal.ConfigInvoker.invokeConfigurations(ConfigInvoker.java:321)
	at org.testng.TestRunner.invokeTestConfigurations(TestRunner.java:637)
	at org.testng.TestRunner.beforeRun(TestRunner.java:627)
	at org.testng.TestRunner.run(TestRunner.java:589)
	at org.testng.SuiteRunner.runTest(SuiteRunner.java:377)
	at org.testng.SuiteRunner.runSequentially(SuiteRunner.java:371)
	at org.testng.SuiteRunner.privateRun(SuiteRunner.java:332)
	at org.testng.SuiteRunner.run(SuiteRunner.java:276)
	at org.testng.SuiteRunnerWorker.runSuite(SuiteRunnerWorker.java:53)
	at org.testng.SuiteRunnerWorker.run(SuiteRunnerWorker.java:96)
	at org.testng.TestNG.runSuitesSequentially(TestNG.java:1212)
	at org.testng.TestNG.runSuitesLocally(TestNG.java:1134)
	at org.testng.TestNG.runSuites(TestNG.java:1063)
	at org.testng.TestNG.run(TestNG.java:1031)
	at com.intellij.rt.testng.IDEARemoteTestNG.run(IDEARemoteTestNG.java:66)
	at com.intellij.rt.testng.RemoteTestNGStarter.main(RemoteTestNGStarter.java:109)
</pre></div></td>
<td>0</td>
<td>com.easyserv.testcases.Admin.CreateBookingTest@2928854b</td></tr>
</table><p>
</body>
</html>