<?xml version="1.0" encoding="UTF-8"?>
<!-- Generated by org.testng.reporters.JUnitReportReporter -->
<testsuite hostname="DESKTOP-GFKKN7N" failures="0" tests="8" name="com.easyserv.testcases.Admin.CreateBookingTest" time="0.022" errors="1" timestamp="2023-02-10T09:27:35 ICT" skipped="7">
  <testcase classname="com.easyserv.testcases.Admin.CreateBookingTest" name="setup" time="0.022">
    <error message="Input must be set" type="java.lang.IllegalArgumentException">
      <![CDATA[java.lang.IllegalArgumentException: Input must be set
at org.openqa.selenium.internal.Require.nonNull(Require.java:59)
at org.openqa.selenium.support.ui.FluentWait.<init>(FluentWait.java:97)
at org.openqa.selenium.support.ui.WebDriverWait.<init>(WebDriverWait.java:77)
at org.openqa.selenium.support.ui.WebDriverWait.<init>(WebDriverWait.java:46)
at com.easyserv.common.ValidateHelper.<init>(ValidateHelper.java:20)
at com.easyserv.pages.BookingManagement.CreateBookingPage.<init>(CreateBookingPage.java:46)
at com.easyserv.testcases.Admin.CreateBookingTest.setup(CreateBookingTest.java:23)
at java.base/jdk.internal.reflect.NativeMethodAccessorImpl.invoke0(Native Method)
at java.base/jdk.internal.reflect.NativeMethodAccessorImpl.invoke(NativeMethodAccessorImpl.java:77)
at java.base/jdk.internal.reflect.DelegatingMethodAccessorImpl.invoke(DelegatingMethodAccessorImpl.java:43)
at java.base/java.lang.reflect.Method.invoke(Method.java:568)
at org.testng.internal.MethodInvocationHelper.invokeMethod(MethodInvocationHelper.java:133)
at org.testng.internal.MethodInvocationHelper.invokeMethodConsideringTimeout(MethodInvocationHelper.java:62)
at org.testng.internal.ConfigInvoker.invokeConfigurationMethod(ConfigInvoker.java:385)
at org.testng.internal.ConfigInvoker.invokeConfigurations(ConfigInvoker.java:321)
at org.testng.TestRunner.invokeTestConfigurations(TestRunner.java:637)
at org.testng.TestRunner.beforeRun(TestRunner.java:627)
at org.testng.TestRunner.run(TestRunner.java:589)
at org.testng.SuiteRunner.runTest(SuiteRunner.java:377)
at org.testng.SuiteRunner.runSequentially(SuiteRunner.java:371)
at org.testng.SuiteRunner.privateRun(SuiteRunner.java:332)
at org.testng.SuiteRunner.run(SuiteRunner.java:276)
at org.testng.SuiteRunnerWorker.runSuite(SuiteRunnerWorker.java:53)
at org.testng.SuiteRunnerWorker.run(SuiteRunnerWorker.java:96)
at org.testng.TestNG.runSuitesSequentially(TestNG.java:1212)
at org.testng.TestNG.runSuitesLocally(TestNG.java:1134)
at org.testng.TestNG.runSuites(TestNG.java:1063)
at org.testng.TestNG.run(TestNG.java:1031)
at com.intellij.rt.testng.IDEARemoteTestNG.run(IDEARemoteTestNG.java:66)
at com.intellij.rt.testng.RemoteTestNGStarter.main(RemoteTestNGStarter.java:109)
]]>
    </error>
  </testcase> <!-- setup -->
  <system-out/>
  <testcase classname="com.easyserv.testcases.Admin.CreateBookingTest" name="CreateBookingTest_TC001" time="0.000">
    <skipped/>
  </testcase> <!-- CreateBookingTest_TC001 -->
  <system-out/>
  <testcase classname="com.easyserv.testcases.Admin.CreateBookingTest" name="CreateBookingTest_TC002" time="0.000">
    <skipped/>
  </testcase> <!-- CreateBookingTest_TC002 -->
  <system-out/>
  <testcase classname="com.easyserv.testcases.Admin.CreateBookingTest" name="CreateBookingTest_TC003" time="0.000">
    <skipped/>
  </testcase> <!-- CreateBookingTest_TC003 -->
  <system-out/>
  <testcase classname="com.easyserv.testcases.Admin.CreateBookingTest" name="CreateBookingTest_TC004" time="0.000">
    <skipped/>
  </testcase> <!-- CreateBookingTest_TC004 -->
  <system-out/>
  <testcase classname="com.easyserv.testcases.Admin.CreateBookingTest" name="CreateBookingTest_TC005" time="0.000">
    <skipped/>
  </testcase> <!-- CreateBookingTest_TC005 -->
  <system-out/>
  <testcase classname="com.easyserv.testcases.Admin.CreateBookingTest" name="CreateBookingTest_TC006" time="0.000">
    <skipped/>
  </testcase> <!-- CreateBookingTest_TC006 -->
  <system-out/>
  <testcase classname="com.easyserv.testcases.Admin.CreateBookingTest" name="AddNewCustomerTest_TC007" time="0.000">
    <skipped/>
  </testcase> <!-- AddNewCustomerTest_TC007 -->
  <system-out/>
</testsuite> <!-- com.easyserv.testcases.Admin.CreateBookingTest -->
