<?xml version="1.0" encoding="UTF-8"?>
<!-- Generated by org.testng.reporters.JUnitReportReporter -->
<testsuite hostname="DESKTOP-GFKKN7N" failures="1" tests="11" name="com.easyserv.testcases.Admin.UserAccessTest" time="29.970" errors="0" timestamp="2023-02-02T09:34:41 ICT" skipped="0">
  <testcase classname="com.easyserv.testcases.Admin.UserAccessTest" name="LoginTest_TC001" time="1.039"/>
  <system-out/>
  <testcase classname="com.easyserv.testcases.Admin.UserAccessTest" name="LoginTest_TC002" time="5.823"/>
  <system-out/>
  <testcase classname="com.easyserv.testcases.Admin.UserAccessTest" name="LoginTest_TC003" time="0.947"/>
  <system-out/>
  <testcase classname="com.easyserv.testcases.Admin.UserAccessTest" name="LoginTest_TC004" time="1.020"/>
  <system-out/>
  <testcase classname="com.easyserv.testcases.Admin.UserAccessTest" name="LoginTest_TC005" time="3.627"/>
  <system-out/>
  <testcase classname="com.easyserv.testcases.Admin.UserAccessTest" name="LoginTest_TC006" time="1.310"/>
  <system-out/>
  <testcase classname="com.easyserv.testcases.Admin.UserAccessTest" name="LoginTest_TC007" time="1.693"/>
  <system-out/>
  <testcase classname="com.easyserv.testcases.Admin.UserAccessTest" name="LoginTest_TC008" time="1.164"/>
  <system-out/>
  <testcase classname="com.easyserv.testcases.Admin.UserAccessTest" name="LoginTest_TC009" time="8.055"/>
  <system-out/>
  <testcase classname="com.easyserv.testcases.Admin.UserAccessTest" name="LoginTest_TC010" time="2.490"/>
  <system-out/>
  <testcase classname="com.easyserv.testcases.Admin.UserAccessTest" name="LoginTest_TC011" time="2.802">
    <failure message="expected [Global] but found [Baldivis]" type="java.lang.AssertionError">
      <![CDATA[java.lang.AssertionError: expected [Global] but found [Baldivis]
at org.testng.Assert.fail(Assert.java:99)
at org.testng.Assert.failNotEquals(Assert.java:1037)
at org.testng.Assert.assertEqualsImpl(Assert.java:140)
at org.testng.Assert.assertEquals(Assert.java:122)
at org.testng.Assert.assertEquals(Assert.java:629)
at org.testng.Assert.assertEquals(Assert.java:639)
at com.easyserv.testcases.Admin.UserAccessTest.LoginTest_TC011(UserAccessTest.java:130)
at java.base/jdk.internal.reflect.NativeMethodAccessorImpl.invoke0(Native Method)
at java.base/jdk.internal.reflect.NativeMethodAccessorImpl.invoke(NativeMethodAccessorImpl.java:77)
at java.base/jdk.internal.reflect.DelegatingMethodAccessorImpl.invoke(DelegatingMethodAccessorImpl.java:43)
at java.base/java.lang.reflect.Method.invoke(Method.java:568)
at org.testng.internal.MethodInvocationHelper.invokeMethod(MethodInvocationHelper.java:133)
at org.testng.internal.TestInvoker.invokeMethod(TestInvoker.java:598)
at org.testng.internal.TestInvoker.invokeTestMethod(TestInvoker.java:173)
at org.testng.internal.MethodRunner.runInSequence(MethodRunner.java:46)
at org.testng.internal.TestInvoker$MethodInvocationAgent.invoke(TestInvoker.java:824)
at org.testng.internal.TestInvoker.invokeTestMethods(TestInvoker.java:146)
at org.testng.internal.TestMethodWorker.invokeTestMethods(TestMethodWorker.java:146)
at org.testng.internal.TestMethodWorker.run(TestMethodWorker.java:128)
at java.base/java.util.ArrayList.forEach(ArrayList.java:1511)
at org.testng.TestRunner.privateRun(TestRunner.java:794)
at org.testng.TestRunner.run(TestRunner.java:596)
at org.testng.SuiteRunner.runTest(SuiteRunner.java:377)
at org.testng.SuiteRunner.runSequentially(SuiteRunner.java:371)
at org.testng.SuiteRunner.privateRun(SuiteRunner.java:332)
at org.testng.SuiteRunner.run(SuiteRunner.java:276)
at org.testng.SuiteRunnerWorker.runSuite(SuiteRunnerWorker.java:53)
at org.testng.SuiteRunnerWorker.run(SuiteRunnerWorker.java:96)
at org.testng.TestNG.runSuitesSequentially(TestNG.java:1212)
at org.testng.TestNG.runSuitesLocally(TestNG.java:1134)
at org.testng.TestNG.runSuites(TestNG.java:1063)
at org.testng.TestNG.run(TestNG.java:1031)
at com.intellij.rt.testng.IDEARemoteTestNG.run(IDEARemoteTestNG.java:66)
at com.intellij.rt.testng.RemoteTestNGStarter.main(RemoteTestNGStarter.java:109)
]]>
    </failure>
  </testcase> <!-- LoginTest_TC011 -->
  <system-out/>
</testsuite> <!-- com.easyserv.testcases.Admin.UserAccessTest -->
